[0.615s] Invoking command in '/home/agalvan-admin/ros2_ws/build/lambda_tm': CMAKE_PREFIX_PATH=${CMAKE_PREFIX_PATH}:/opt/ros/galactic /usr/bin/cmake --build /home/agalvan-admin/ros2_ws/build/lambda_tm -- -j8 -l8
[0.703s] [35m[1mScanning dependencies of target lambda_force[0m
[0.728s] [ 50%] Built target lambda_publisher
[0.750s] [ 75%] [32mBuilding CXX object CMakeFiles/lambda_force.dir/src/lambda_force.cpp.o[0m
[6.889s] [100%] [32m[1mLinking CXX executable lambda_force[0m
[7.228s] [100%] Built target lambda_force
[7.247s] Invoked command in '/home/agalvan-admin/ros2_ws/build/lambda_tm' returned '0': CMAKE_PREFIX_PATH=${CMAKE_PREFIX_PATH}:/opt/ros/galactic /usr/bin/cmake --build /home/agalvan-admin/ros2_ws/build/lambda_tm -- -j8 -l8
[7.346s] Invoking command in '/home/agalvan-admin/ros2_ws/build/lambda_tm': CMAKE_PREFIX_PATH=${CMAKE_PREFIX_PATH}:/opt/ros/galactic /usr/bin/cmake --install /home/agalvan-admin/ros2_ws/build/lambda_tm
[7.372s] -- Install configuration: ""
[7.372s] -- Up-to-date: /home/agalvan-admin/ros2_ws/install/lambda_tm/lib/lambda_tm/lambda_publisher
[7.372s] -- Installing: /home/agalvan-admin/ros2_ws/install/lambda_tm/lib/lambda_tm/lambda_force
[7.377s] -- Set runtime path of "/home/agalvan-admin/ros2_ws/install/lambda_tm/lib/lambda_tm/lambda_force" to ""
[7.377s] -- Up-to-date: /home/agalvan-admin/ros2_ws/install/lambda_tm/share/lambda_tm//launch
[7.377s] -- Up-to-date: /home/agalvan-admin/ros2_ws/install/lambda_tm/share/lambda_tm//launch/lambda_tm.launch.xml
[7.377s] -- Up-to-date: /home/agalvan-admin/ros2_ws/install/lambda_tm/share/ament_index/resource_index/package_run_dependencies/lambda_tm
[7.377s] -- Up-to-date: /home/agalvan-admin/ros2_ws/install/lambda_tm/share/ament_index/resource_index/parent_prefix_path/lambda_tm
[7.378s] -- Up-to-date: /home/agalvan-admin/ros2_ws/install/lambda_tm/share/lambda_tm/environment/ament_prefix_path.sh
[7.378s] -- Up-to-date: /home/agalvan-admin/ros2_ws/install/lambda_tm/share/lambda_tm/environment/ament_prefix_path.dsv
[7.378s] -- Up-to-date: /home/agalvan-admin/ros2_ws/install/lambda_tm/share/lambda_tm/environment/path.sh
[7.378s] -- Up-to-date: /home/agalvan-admin/ros2_ws/install/lambda_tm/share/lambda_tm/environment/path.dsv
[7.378s] -- Up-to-date: /home/agalvan-admin/ros2_ws/install/lambda_tm/share/lambda_tm/local_setup.bash
[7.378s] -- Up-to-date: /home/agalvan-admin/ros2_ws/install/lambda_tm/share/lambda_tm/local_setup.sh
[7.378s] -- Up-to-date: /home/agalvan-admin/ros2_ws/install/lambda_tm/share/lambda_tm/local_setup.zsh
[7.379s] -- Up-to-date: /home/agalvan-admin/ros2_ws/install/lambda_tm/share/lambda_tm/local_setup.dsv
[7.379s] -- Installing: /home/agalvan-admin/ros2_ws/install/lambda_tm/share/lambda_tm/package.dsv
[7.380s] -- Up-to-date: /home/agalvan-admin/ros2_ws/install/lambda_tm/share/ament_index/resource_index/packages/lambda_tm
[7.380s] -- Up-to-date: /home/agalvan-admin/ros2_ws/install/lambda_tm/share/lambda_tm/cmake/lambda_tmConfig.cmake
[7.380s] -- Up-to-date: /home/agalvan-admin/ros2_ws/install/lambda_tm/share/lambda_tm/cmake/lambda_tmConfig-version.cmake
[7.380s] -- Up-to-date: /home/agalvan-admin/ros2_ws/install/lambda_tm/share/lambda_tm/package.xml
[7.381s] Invoked command in '/home/agalvan-admin/ros2_ws/build/lambda_tm' returned '0': CMAKE_PREFIX_PATH=${CMAKE_PREFIX_PATH}:/opt/ros/galactic /usr/bin/cmake --install /home/agalvan-admin/ros2_ws/build/lambda_tm
