[3.083s] DEBUG:colcon:Command line arguments: ['/usr/bin/colcon', 'build']
[3.083s] DEBUG:colcon:Parsed command line arguments: Namespace(allow_overriding=[], ament_cmake_args=None, base_paths=['.'], build_base='build', catkin_cmake_args=None, catkin_skip_building_tests=False, cmake_args=None, cmake_clean_cache=False, cmake_clean_first=False, cmake_force_configure=False, cmake_target=None, cmake_target_skip_unavailable=False, continue_on_error=False, event_handlers=None, executor='parallel', ignore_user_meta=False, install_base='install', log_base=None, log_level=None, main=<bound method BuildVerb.main of <colcon_core.verb.build.BuildVerb object at 0x7fe0b419fe80>>, merge_install=False, metas=['./colcon.meta'], packages_above=None, packages_above_and_dependencies=None, packages_above_depth=None, packages_end=None, packages_ignore=None, packages_ignore_regex=None, packages_select=None, packages_select_build_failed=False, packages_select_by_dep=None, packages_select_regex=None, packages_select_test_failures=False, packages_skip=None, packages_skip_build_finished=False, packages_skip_by_dep=None, packages_skip_regex=None, packages_skip_test_passed=False, packages_skip_up_to=None, packages_start=None, packages_up_to=None, packages_up_to_regex=None, parallel_workers=8, paths=None, symlink_install=False, test_result_base=None, verb_extension=<colcon_core.verb.build.BuildVerb object at 0x7fe0b419fe80>, verb_name='build', verb_parser=<colcon_defaults.argument_parser.defaults.DefaultArgumentsDecorator object at 0x7fe0b3d67520>)
[3.213s] Level 1:colcon.colcon_core.package_discovery:discover_packages(colcon_meta) check parameters
[3.213s] Level 1:colcon.colcon_core.package_discovery:discover_packages(recursive) check parameters
[3.213s] Level 1:colcon.colcon_core.package_discovery:discover_packages(ignore) check parameters
[3.213s] Level 1:colcon.colcon_core.package_discovery:discover_packages(path) check parameters
[3.213s] Level 1:colcon.colcon_core.package_discovery:discover_packages(colcon_meta) discover
[3.213s] Level 1:colcon.colcon_core.package_discovery:discover_packages(recursive) discover
[3.214s] INFO:colcon.colcon_core.package_discovery:Crawling recursively for packages in '/home/agalvan-admin/ros2_ws'
[3.214s] Level 1:colcon.colcon_core.package_identification:_identify(.) by extensions ['ignore', 'ignore_ament_install']
[3.214s] Level 1:colcon.colcon_core.package_identification:_identify(.) by extension 'ignore'
[3.214s] Level 1:colcon.colcon_core.package_identification:_identify(.) by extension 'ignore_ament_install'
[3.214s] Level 1:colcon.colcon_core.package_identification:_identify(.) by extensions ['colcon_pkg']
[3.214s] Level 1:colcon.colcon_core.package_identification:_identify(.) by extension 'colcon_pkg'
[3.214s] Level 1:colcon.colcon_core.package_identification:_identify(.) by extensions ['colcon_meta']
[3.214s] Level 1:colcon.colcon_core.package_identification:_identify(.) by extension 'colcon_meta'
[3.214s] Level 1:colcon.colcon_core.package_identification:_identify(.) by extensions ['ros']
[3.214s] Level 1:colcon.colcon_core.package_identification:_identify(.) by extension 'ros'
[3.223s] Level 1:colcon.colcon_core.package_identification:_identify(.) by extensions ['cmake', 'python']
[3.223s] Level 1:colcon.colcon_core.package_identification:_identify(.) by extension 'cmake'
[3.223s] Level 1:colcon.colcon_core.package_identification:_identify(.) by extension 'python'
[3.223s] Level 1:colcon.colcon_core.package_identification:_identify(.) by extensions ['python_setup_py']
[3.223s] Level 1:colcon.colcon_core.package_identification:_identify(.) by extension 'python_setup_py'
[3.223s] Level 1:colcon.colcon_core.package_identification:_identify(build) by extensions ['ignore', 'ignore_ament_install']
[3.224s] Level 1:colcon.colcon_core.package_identification:_identify(build) by extension 'ignore'
[3.224s] Level 1:colcon.colcon_core.package_identification:_identify(build) ignored
[3.224s] Level 1:colcon.colcon_core.package_identification:_identify(install) by extensions ['ignore', 'ignore_ament_install']
[3.224s] Level 1:colcon.colcon_core.package_identification:_identify(install) by extension 'ignore'
[3.224s] Level 1:colcon.colcon_core.package_identification:_identify(install) ignored
[3.224s] Level 1:colcon.colcon_core.package_identification:_identify(log) by extensions ['ignore', 'ignore_ament_install']
[3.224s] Level 1:colcon.colcon_core.package_identification:_identify(log) by extension 'ignore'
[3.224s] Level 1:colcon.colcon_core.package_identification:_identify(log) ignored
[3.224s] Level 1:colcon.colcon_core.package_identification:_identify(ros_workspace) by extensions ['ignore', 'ignore_ament_install']
[3.224s] Level 1:colcon.colcon_core.package_identification:_identify(ros_workspace) by extension 'ignore'
[3.224s] Level 1:colcon.colcon_core.package_identification:_identify(ros_workspace) by extension 'ignore_ament_install'
[3.224s] Level 1:colcon.colcon_core.package_identification:_identify(ros_workspace) by extensions ['colcon_pkg']
[3.224s] Level 1:colcon.colcon_core.package_identification:_identify(ros_workspace) by extension 'colcon_pkg'
[3.224s] Level 1:colcon.colcon_core.package_identification:_identify(ros_workspace) by extensions ['colcon_meta']
[3.224s] Level 1:colcon.colcon_core.package_identification:_identify(ros_workspace) by extension 'colcon_meta'
[3.224s] Level 1:colcon.colcon_core.package_identification:_identify(ros_workspace) by extensions ['ros']
[3.224s] Level 1:colcon.colcon_core.package_identification:_identify(ros_workspace) by extension 'ros'
[3.224s] Level 1:colcon.colcon_core.package_identification:_identify(ros_workspace) by extensions ['cmake', 'python']
[3.224s] Level 1:colcon.colcon_core.package_identification:_identify(ros_workspace) by extension 'cmake'
[3.224s] Level 1:colcon.colcon_core.package_identification:_identify(ros_workspace) by extension 'python'
[3.224s] Level 1:colcon.colcon_core.package_identification:_identify(ros_workspace) by extensions ['python_setup_py']
[3.224s] Level 1:colcon.colcon_core.package_identification:_identify(ros_workspace) by extension 'python_setup_py'
[3.225s] Level 1:colcon.colcon_core.package_identification:_identify(ros_workspace/build) by extensions ['ignore', 'ignore_ament_install']
[3.225s] Level 1:colcon.colcon_core.package_identification:_identify(ros_workspace/build) by extension 'ignore'
[3.225s] Level 1:colcon.colcon_core.package_identification:_identify(ros_workspace/build) ignored
[3.225s] Level 1:colcon.colcon_core.package_identification:_identify(ros_workspace/install) by extensions ['ignore', 'ignore_ament_install']
[3.225s] Level 1:colcon.colcon_core.package_identification:_identify(ros_workspace/install) by extension 'ignore'
[3.225s] Level 1:colcon.colcon_core.package_identification:_identify(ros_workspace/install) ignored
[3.225s] Level 1:colcon.colcon_core.package_identification:_identify(ros_workspace/log) by extensions ['ignore', 'ignore_ament_install']
[3.225s] Level 1:colcon.colcon_core.package_identification:_identify(ros_workspace/log) by extension 'ignore'
[3.225s] Level 1:colcon.colcon_core.package_identification:_identify(ros_workspace/log) ignored
[3.225s] Level 1:colcon.colcon_core.package_identification:_identify(ros_workspace/src) by extensions ['ignore', 'ignore_ament_install']
[3.225s] Level 1:colcon.colcon_core.package_identification:_identify(ros_workspace/src) by extension 'ignore'
[3.225s] Level 1:colcon.colcon_core.package_identification:_identify(ros_workspace/src) by extension 'ignore_ament_install'
[3.225s] Level 1:colcon.colcon_core.package_identification:_identify(ros_workspace/src) by extensions ['colcon_pkg']
[3.225s] Level 1:colcon.colcon_core.package_identification:_identify(ros_workspace/src) by extension 'colcon_pkg'
[3.225s] Level 1:colcon.colcon_core.package_identification:_identify(ros_workspace/src) by extensions ['colcon_meta']
[3.225s] Level 1:colcon.colcon_core.package_identification:_identify(ros_workspace/src) by extension 'colcon_meta'
[3.225s] Level 1:colcon.colcon_core.package_identification:_identify(ros_workspace/src) by extensions ['ros']
[3.225s] Level 1:colcon.colcon_core.package_identification:_identify(ros_workspace/src) by extension 'ros'
[3.225s] Level 1:colcon.colcon_core.package_identification:_identify(ros_workspace/src) by extensions ['cmake', 'python']
[3.225s] Level 1:colcon.colcon_core.package_identification:_identify(ros_workspace/src) by extension 'cmake'
[3.226s] Level 1:colcon.colcon_core.package_identification:_identify(ros_workspace/src) by extension 'python'
[3.226s] Level 1:colcon.colcon_core.package_identification:_identify(ros_workspace/src) by extensions ['python_setup_py']
[3.226s] Level 1:colcon.colcon_core.package_identification:_identify(ros_workspace/src) by extension 'python_setup_py'
[3.226s] Level 1:colcon.colcon_core.package_identification:_identify(ros_workspace/src/force_dimension) by extensions ['ignore', 'ignore_ament_install']
[3.226s] Level 1:colcon.colcon_core.package_identification:_identify(ros_workspace/src/force_dimension) by extension 'ignore'
[3.226s] Level 1:colcon.colcon_core.package_identification:_identify(ros_workspace/src/force_dimension) by extension 'ignore_ament_install'
[3.226s] Level 1:colcon.colcon_core.package_identification:_identify(ros_workspace/src/force_dimension) by extensions ['colcon_pkg']
[3.226s] Level 1:colcon.colcon_core.package_identification:_identify(ros_workspace/src/force_dimension) by extension 'colcon_pkg'
[3.226s] Level 1:colcon.colcon_core.package_identification:_identify(ros_workspace/src/force_dimension) by extensions ['colcon_meta']
[3.226s] Level 1:colcon.colcon_core.package_identification:_identify(ros_workspace/src/force_dimension) by extension 'colcon_meta'
[3.226s] Level 1:colcon.colcon_core.package_identification:_identify(ros_workspace/src/force_dimension) by extensions ['ros']
[3.226s] Level 1:colcon.colcon_core.package_identification:_identify(ros_workspace/src/force_dimension) by extension 'ros'
[3.228s] DEBUG:colcon.colcon_core.package_identification:Package 'ros_workspace/src/force_dimension' with type 'ros.ament_cmake' and name 'force_dimension'
[3.228s] Level 1:colcon.colcon_core.package_identification:_identify(src) by extensions ['ignore', 'ignore_ament_install']
[3.228s] Level 1:colcon.colcon_core.package_identification:_identify(src) by extension 'ignore'
[3.228s] Level 1:colcon.colcon_core.package_identification:_identify(src) by extension 'ignore_ament_install'
[3.228s] Level 1:colcon.colcon_core.package_identification:_identify(src) by extensions ['colcon_pkg']
[3.229s] Level 1:colcon.colcon_core.package_identification:_identify(src) by extension 'colcon_pkg'
[3.229s] Level 1:colcon.colcon_core.package_identification:_identify(src) by extensions ['colcon_meta']
[3.229s] Level 1:colcon.colcon_core.package_identification:_identify(src) by extension 'colcon_meta'
[3.229s] Level 1:colcon.colcon_core.package_identification:_identify(src) by extensions ['ros']
[3.229s] Level 1:colcon.colcon_core.package_identification:_identify(src) by extension 'ros'
[3.229s] Level 1:colcon.colcon_core.package_identification:_identify(src) by extensions ['cmake', 'python']
[3.229s] Level 1:colcon.colcon_core.package_identification:_identify(src) by extension 'cmake'
[3.229s] Level 1:colcon.colcon_core.package_identification:_identify(src) by extension 'python'
[3.229s] Level 1:colcon.colcon_core.package_identification:_identify(src) by extensions ['python_setup_py']
[3.229s] Level 1:colcon.colcon_core.package_identification:_identify(src) by extension 'python_setup_py'
[3.229s] Level 1:colcon.colcon_core.package_identification:_identify(src/force_dimension) by extensions ['ignore', 'ignore_ament_install']
[3.229s] Level 1:colcon.colcon_core.package_identification:_identify(src/force_dimension) by extension 'ignore'
[3.229s] Level 1:colcon.colcon_core.package_identification:_identify(src/force_dimension) by extension 'ignore_ament_install'
[3.229s] Level 1:colcon.colcon_core.package_identification:_identify(src/force_dimension) by extensions ['colcon_pkg']
[3.229s] Level 1:colcon.colcon_core.package_identification:_identify(src/force_dimension) by extension 'colcon_pkg'
[3.229s] Level 1:colcon.colcon_core.package_identification:_identify(src/force_dimension) by extensions ['colcon_meta']
[3.229s] Level 1:colcon.colcon_core.package_identification:_identify(src/force_dimension) by extension 'colcon_meta'
[3.229s] Level 1:colcon.colcon_core.package_identification:_identify(src/force_dimension) by extensions ['ros']
[3.229s] Level 1:colcon.colcon_core.package_identification:_identify(src/force_dimension) by extension 'ros'
[3.230s] DEBUG:colcon.colcon_core.package_identification:Package 'src/force_dimension' with type 'ros.ament_cmake' and name 'force_dimension'
[3.230s] Level 1:colcon.colcon_core.package_identification:_identify(src/lambda_tm) by extensions ['ignore', 'ignore_ament_install']
[3.230s] Level 1:colcon.colcon_core.package_identification:_identify(src/lambda_tm) by extension 'ignore'
[3.230s] Level 1:colcon.colcon_core.package_identification:_identify(src/lambda_tm) by extension 'ignore_ament_install'
[3.230s] Level 1:colcon.colcon_core.package_identification:_identify(src/lambda_tm) by extensions ['colcon_pkg']
[3.230s] Level 1:colcon.colcon_core.package_identification:_identify(src/lambda_tm) by extension 'colcon_pkg'
[3.230s] Level 1:colcon.colcon_core.package_identification:_identify(src/lambda_tm) by extensions ['colcon_meta']
[3.230s] Level 1:colcon.colcon_core.package_identification:_identify(src/lambda_tm) by extension 'colcon_meta'
[3.230s] Level 1:colcon.colcon_core.package_identification:_identify(src/lambda_tm) by extensions ['ros']
[3.230s] Level 1:colcon.colcon_core.package_identification:_identify(src/lambda_tm) by extension 'ros'
[3.231s] DEBUG:colcon.colcon_core.package_identification:Package 'src/lambda_tm' with type 'ros.ament_cmake' and name 'lambda_tm'
[3.231s] Level 1:colcon.colcon_core.package_discovery:discover_packages(recursive) using defaults
[3.231s] Level 1:colcon.colcon_core.package_discovery:discover_packages(ignore) discover
[3.231s] Level 1:colcon.colcon_core.package_discovery:discover_packages(ignore) using defaults
[3.231s] Level 1:colcon.colcon_core.package_discovery:discover_packages(path) discover
[3.231s] Level 1:colcon.colcon_core.package_discovery:discover_packages(path) using defaults
[3.504s] Level 1:colcon.colcon_core.package_discovery:discover_packages(prefix_path) check parameters
[3.504s] Level 1:colcon.colcon_core.package_discovery:discover_packages(prefix_path) discover
[3.608s] DEBUG:colcon.colcon_installed_package_information.package_discovery:Found 1 installed packages in /home/agalvan-admin/ros2_ws/ros_workspace/install
[3.672s] DEBUG:colcon.colcon_installed_package_information.package_discovery:Found 278 installed packages in /opt/ros/galactic
[3.673s] Level 1:colcon.colcon_core.package_discovery:discover_packages(prefix_path) using defaults
[3.794s] ERROR:colcon:colcon build: Duplicate package names not supported:
- force_dimension:
  - ros_workspace/src/force_dimension
  - src/force_dimension
