[3.025s] DEBUG:colcon:Command line arguments: ['/usr/bin/colcon', 'build', '--cmake-args', '-DCMAKE_CXX_STANDARD_LIBRARIES=-lusb-1.0']
[3.025s] DEBUG:colcon:Parsed command line arguments: Namespace(allow_overriding=[], ament_cmake_args=None, base_paths=['.'], build_base='build', catkin_cmake_args=None, catkin_skip_building_tests=False, cmake_args=['-DCMAKE_CXX_STANDARD_LIBRARIES=-lusb-1.0'], cmake_clean_cache=False, cmake_clean_first=False, cmake_force_configure=False, cmake_target=None, cmake_target_skip_unavailable=False, continue_on_error=False, event_handlers=None, executor='parallel', ignore_user_meta=False, install_base='install', log_base=None, log_level=None, main=<bound method BuildVerb.main of <colcon_core.verb.build.BuildVerb object at 0x7fd2ad1e2c40>>, merge_install=False, metas=['./colcon.meta'], packages_above=None, packages_above_and_dependencies=None, packages_above_depth=None, packages_end=None, packages_ignore=None, packages_ignore_regex=None, packages_select=None, packages_select_build_failed=False, packages_select_by_dep=None, packages_select_regex=None, packages_select_test_failures=False, packages_skip=None, packages_skip_build_finished=False, packages_skip_by_dep=None, packages_skip_regex=None, packages_skip_test_passed=False, packages_skip_up_to=None, packages_start=None, packages_up_to=None, packages_up_to_regex=None, parallel_workers=8, paths=None, symlink_install=False, test_result_base=None, verb_extension=<colcon_core.verb.build.BuildVerb object at 0x7fd2ad1e2c40>, verb_name='build', verb_parser=<colcon_defaults.argument_parser.defaults.DefaultArgumentsDecorator object at 0x7fd2acd19040>)
[3.164s] Level 1:colcon.colcon_core.package_discovery:discover_packages(colcon_meta) check parameters
[3.164s] Level 1:colcon.colcon_core.package_discovery:discover_packages(recursive) check parameters
[3.164s] Level 1:colcon.colcon_core.package_discovery:discover_packages(ignore) check parameters
[3.164s] Level 1:colcon.colcon_core.package_discovery:discover_packages(path) check parameters
[3.164s] Level 1:colcon.colcon_core.package_discovery:discover_packages(colcon_meta) discover
[3.164s] Level 1:colcon.colcon_core.package_discovery:discover_packages(recursive) discover
[3.165s] INFO:colcon.colcon_core.package_discovery:Crawling recursively for packages in '/home/agalvan-admin/ros2_ws'
[3.165s] Level 1:colcon.colcon_core.package_identification:_identify(.) by extensions ['ignore', 'ignore_ament_install']
[3.165s] Level 1:colcon.colcon_core.package_identification:_identify(.) by extension 'ignore'
[3.165s] Level 1:colcon.colcon_core.package_identification:_identify(.) by extension 'ignore_ament_install'
[3.165s] Level 1:colcon.colcon_core.package_identification:_identify(.) by extensions ['colcon_pkg']
[3.165s] Level 1:colcon.colcon_core.package_identification:_identify(.) by extension 'colcon_pkg'
[3.165s] Level 1:colcon.colcon_core.package_identification:_identify(.) by extensions ['colcon_meta']
[3.165s] Level 1:colcon.colcon_core.package_identification:_identify(.) by extension 'colcon_meta'
[3.165s] Level 1:colcon.colcon_core.package_identification:_identify(.) by extensions ['ros']
[3.165s] Level 1:colcon.colcon_core.package_identification:_identify(.) by extension 'ros'
[3.176s] Level 1:colcon.colcon_core.package_identification:_identify(.) by extensions ['cmake', 'python']
[3.176s] Level 1:colcon.colcon_core.package_identification:_identify(.) by extension 'cmake'
[3.176s] Level 1:colcon.colcon_core.package_identification:_identify(.) by extension 'python'
[3.176s] Level 1:colcon.colcon_core.package_identification:_identify(.) by extensions ['python_setup_py']
[3.176s] Level 1:colcon.colcon_core.package_identification:_identify(.) by extension 'python_setup_py'
[3.176s] Level 1:colcon.colcon_core.package_identification:_identify(build) by extensions ['ignore', 'ignore_ament_install']
[3.176s] Level 1:colcon.colcon_core.package_identification:_identify(build) by extension 'ignore'
[3.176s] Level 1:colcon.colcon_core.package_identification:_identify(build) ignored
[3.176s] Level 1:colcon.colcon_core.package_identification:_identify(install) by extensions ['ignore', 'ignore_ament_install']
[3.176s] Level 1:colcon.colcon_core.package_identification:_identify(install) by extension 'ignore'
[3.177s] Level 1:colcon.colcon_core.package_identification:_identify(install) ignored
[3.177s] Level 1:colcon.colcon_core.package_identification:_identify(log) by extensions ['ignore', 'ignore_ament_install']
[3.177s] Level 1:colcon.colcon_core.package_identification:_identify(log) by extension 'ignore'
[3.177s] Level 1:colcon.colcon_core.package_identification:_identify(log) ignored
[3.177s] Level 1:colcon.colcon_core.package_identification:_identify(src) by extensions ['ignore', 'ignore_ament_install']
[3.177s] Level 1:colcon.colcon_core.package_identification:_identify(src) by extension 'ignore'
[3.177s] Level 1:colcon.colcon_core.package_identification:_identify(src) by extension 'ignore_ament_install'
[3.177s] Level 1:colcon.colcon_core.package_identification:_identify(src) by extensions ['colcon_pkg']
[3.177s] Level 1:colcon.colcon_core.package_identification:_identify(src) by extension 'colcon_pkg'
[3.177s] Level 1:colcon.colcon_core.package_identification:_identify(src) by extensions ['colcon_meta']
[3.177s] Level 1:colcon.colcon_core.package_identification:_identify(src) by extension 'colcon_meta'
[3.177s] Level 1:colcon.colcon_core.package_identification:_identify(src) by extensions ['ros']
[3.177s] Level 1:colcon.colcon_core.package_identification:_identify(src) by extension 'ros'
[3.177s] Level 1:colcon.colcon_core.package_identification:_identify(src) by extensions ['cmake', 'python']
[3.177s] Level 1:colcon.colcon_core.package_identification:_identify(src) by extension 'cmake'
[3.177s] Level 1:colcon.colcon_core.package_identification:_identify(src) by extension 'python'
[3.177s] Level 1:colcon.colcon_core.package_identification:_identify(src) by extensions ['python_setup_py']
[3.177s] Level 1:colcon.colcon_core.package_identification:_identify(src) by extension 'python_setup_py'
[3.177s] Level 1:colcon.colcon_core.package_identification:_identify(src/force_dimension) by extensions ['ignore', 'ignore_ament_install']
[3.177s] Level 1:colcon.colcon_core.package_identification:_identify(src/force_dimension) by extension 'ignore'
[3.177s] Level 1:colcon.colcon_core.package_identification:_identify(src/force_dimension) by extension 'ignore_ament_install'
[3.177s] Level 1:colcon.colcon_core.package_identification:_identify(src/force_dimension) by extensions ['colcon_pkg']
[3.178s] Level 1:colcon.colcon_core.package_identification:_identify(src/force_dimension) by extension 'colcon_pkg'
[3.178s] Level 1:colcon.colcon_core.package_identification:_identify(src/force_dimension) by extensions ['colcon_meta']
[3.178s] Level 1:colcon.colcon_core.package_identification:_identify(src/force_dimension) by extension 'colcon_meta'
[3.178s] Level 1:colcon.colcon_core.package_identification:_identify(src/force_dimension) by extensions ['ros']
[3.178s] Level 1:colcon.colcon_core.package_identification:_identify(src/force_dimension) by extension 'ros'
[3.180s] DEBUG:colcon.colcon_core.package_identification:Package 'src/force_dimension' with type 'ros.ament_cmake' and name 'force_dimension'
[3.180s] Level 1:colcon.colcon_core.package_identification:_identify(src/lambda_tm) by extensions ['ignore', 'ignore_ament_install']
[3.180s] Level 1:colcon.colcon_core.package_identification:_identify(src/lambda_tm) by extension 'ignore'
[3.180s] Level 1:colcon.colcon_core.package_identification:_identify(src/lambda_tm) by extension 'ignore_ament_install'
[3.180s] Level 1:colcon.colcon_core.package_identification:_identify(src/lambda_tm) by extensions ['colcon_pkg']
[3.180s] Level 1:colcon.colcon_core.package_identification:_identify(src/lambda_tm) by extension 'colcon_pkg'
[3.180s] Level 1:colcon.colcon_core.package_identification:_identify(src/lambda_tm) by extensions ['colcon_meta']
[3.180s] Level 1:colcon.colcon_core.package_identification:_identify(src/lambda_tm) by extension 'colcon_meta'
[3.180s] Level 1:colcon.colcon_core.package_identification:_identify(src/lambda_tm) by extensions ['ros']
[3.180s] Level 1:colcon.colcon_core.package_identification:_identify(src/lambda_tm) by extension 'ros'
[3.181s] DEBUG:colcon.colcon_core.package_identification:Package 'src/lambda_tm' with type 'ros.ament_cmake' and name 'lambda_tm'
[3.181s] Level 1:colcon.colcon_core.package_discovery:discover_packages(recursive) using defaults
[3.181s] Level 1:colcon.colcon_core.package_discovery:discover_packages(ignore) discover
[3.181s] Level 1:colcon.colcon_core.package_discovery:discover_packages(ignore) using defaults
[3.181s] Level 1:colcon.colcon_core.package_discovery:discover_packages(path) discover
[3.181s] Level 1:colcon.colcon_core.package_discovery:discover_packages(path) using defaults
[3.456s] Level 1:colcon.colcon_core.package_discovery:discover_packages(prefix_path) check parameters
[3.456s] Level 1:colcon.colcon_core.package_discovery:discover_packages(prefix_path) discover
[3.562s] DEBUG:colcon.colcon_installed_package_information.package_discovery:Found 278 installed packages in /opt/ros/galactic
[3.574s] Level 1:colcon.colcon_core.package_discovery:discover_packages(prefix_path) using defaults
[3.749s] Level 5:colcon.colcon_core.verb:set package 'force_dimension' build argument 'cmake_args' from command line to '['-DCMAKE_CXX_STANDARD_LIBRARIES=-lusb-1.0']'
[3.749s] Level 5:colcon.colcon_core.verb:set package 'force_dimension' build argument 'cmake_target' from command line to 'None'
[3.749s] Level 5:colcon.colcon_core.verb:set package 'force_dimension' build argument 'cmake_target_skip_unavailable' from command line to 'False'
[3.749s] Level 5:colcon.colcon_core.verb:set package 'force_dimension' build argument 'cmake_clean_cache' from command line to 'False'
[3.749s] Level 5:colcon.colcon_core.verb:set package 'force_dimension' build argument 'cmake_clean_first' from command line to 'False'
[3.749s] Level 5:colcon.colcon_core.verb:set package 'force_dimension' build argument 'cmake_force_configure' from command line to 'False'
[3.749s] Level 5:colcon.colcon_core.verb:set package 'force_dimension' build argument 'ament_cmake_args' from command line to 'None'
[3.749s] Level 5:colcon.colcon_core.verb:set package 'force_dimension' build argument 'catkin_cmake_args' from command line to 'None'
[3.749s] Level 5:colcon.colcon_core.verb:set package 'force_dimension' build argument 'catkin_skip_building_tests' from command line to 'False'
[3.749s] DEBUG:colcon.colcon_core.verb:Building package 'force_dimension' with the following arguments: {'ament_cmake_args': None, 'build_base': '/home/agalvan-admin/ros2_ws/build/force_dimension', 'catkin_cmake_args': None, 'catkin_skip_building_tests': False, 'cmake_args': ['-DCMAKE_CXX_STANDARD_LIBRARIES=-lusb-1.0'], 'cmake_clean_cache': False, 'cmake_clean_first': False, 'cmake_force_configure': False, 'cmake_target': None, 'cmake_target_skip_unavailable': False, 'install_base': '/home/agalvan-admin/ros2_ws/install/force_dimension', 'merge_install': False, 'path': '/home/agalvan-admin/ros2_ws/src/force_dimension', 'symlink_install': False, 'test_result_base': None}
[3.801s] Level 5:colcon.colcon_core.verb:set package 'lambda_tm' build argument 'cmake_args' from command line to '['-DCMAKE_CXX_STANDARD_LIBRARIES=-lusb-1.0']'
[3.801s] Level 5:colcon.colcon_core.verb:set package 'lambda_tm' build argument 'cmake_target' from command line to 'None'
[3.801s] Level 5:colcon.colcon_core.verb:set package 'lambda_tm' build argument 'cmake_target_skip_unavailable' from command line to 'False'
[3.801s] Level 5:colcon.colcon_core.verb:set package 'lambda_tm' build argument 'cmake_clean_cache' from command line to 'False'
[3.801s] Level 5:colcon.colcon_core.verb:set package 'lambda_tm' build argument 'cmake_clean_first' from command line to 'False'
[3.801s] Level 5:colcon.colcon_core.verb:set package 'lambda_tm' build argument 'cmake_force_configure' from command line to 'False'
[3.801s] Level 5:colcon.colcon_core.verb:set package 'lambda_tm' build argument 'ament_cmake_args' from command line to 'None'
[3.801s] Level 5:colcon.colcon_core.verb:set package 'lambda_tm' build argument 'catkin_cmake_args' from command line to 'None'
[3.801s] Level 5:colcon.colcon_core.verb:set package 'lambda_tm' build argument 'catkin_skip_building_tests' from command line to 'False'
[3.801s] DEBUG:colcon.colcon_core.verb:Building package 'lambda_tm' with the following arguments: {'ament_cmake_args': None, 'build_base': '/home/agalvan-admin/ros2_ws/build/lambda_tm', 'catkin_cmake_args': None, 'catkin_skip_building_tests': False, 'cmake_args': ['-DCMAKE_CXX_STANDARD_LIBRARIES=-lusb-1.0'], 'cmake_clean_cache': False, 'cmake_clean_first': False, 'cmake_force_configure': False, 'cmake_target': None, 'cmake_target_skip_unavailable': False, 'install_base': '/home/agalvan-admin/ros2_ws/install/lambda_tm', 'merge_install': False, 'path': '/home/agalvan-admin/ros2_ws/src/lambda_tm', 'symlink_install': False, 'test_result_base': None}
[3.852s] INFO:colcon.colcon_core.executor:Executing jobs using 'parallel' executor
[3.905s] DEBUG:colcon.colcon_parallel_executor.executor.parallel:run_until_complete
[3.905s] INFO:colcon.colcon_ros.task.ament_cmake.build:Building ROS package in '/home/agalvan-admin/ros2_ws/src/force_dimension' with build type 'ament_cmake'
[3.905s] INFO:colcon.colcon_cmake.task.cmake.build:Building CMake package in '/home/agalvan-admin/ros2_ws/src/force_dimension'
[3.962s] INFO:colcon.colcon_core.plugin_system:Skipping extension 'colcon_core.shell.bat': Not used on non-Windows systems
[3.962s] INFO:colcon.colcon_core.shell:Skip shell extension 'powershell' for command environment: Not usable outside of PowerShell
[3.962s] DEBUG:colcon.colcon_core.shell:Skip shell extension 'dsv' for command environment
[4.086s] INFO:colcon.colcon_ros.task.ament_cmake.build:Building ROS package in '/home/agalvan-admin/ros2_ws/src/lambda_tm' with build type 'ament_cmake'
[4.086s] INFO:colcon.colcon_cmake.task.cmake.build:Building CMake package in '/home/agalvan-admin/ros2_ws/src/lambda_tm'
[4.143s] INFO:colcon.colcon_core.shell:Skip shell extension 'powershell' for command environment: Not usable outside of PowerShell
[4.143s] DEBUG:colcon.colcon_core.shell:Skip shell extension 'dsv' for command environment
[4.261s] DEBUG:colcon.colcon_core.event_handler.log_command:Invoking command in '/home/agalvan-admin/ros2_ws/build/force_dimension': CMAKE_PREFIX_PATH=/opt/ros/galactic /usr/bin/cmake /home/agalvan-admin/ros2_ws/src/force_dimension -DCMAKE_CXX_STANDARD_LIBRARIES=-lusb-1.0 -DCMAKE_INSTALL_PREFIX=/home/agalvan-admin/ros2_ws/install/force_dimension
[4.270s] DEBUG:colcon.colcon_core.event_handler.log_command:Invoking command in '/home/agalvan-admin/ros2_ws/build/lambda_tm': CMAKE_PREFIX_PATH=/opt/ros/galactic /usr/bin/cmake /home/agalvan-admin/ros2_ws/src/lambda_tm -DCMAKE_CXX_STANDARD_LIBRARIES=-lusb-1.0 -DCMAKE_INSTALL_PREFIX=/home/agalvan-admin/ros2_ws/install/lambda_tm
[6.656s] DEBUG:colcon.colcon_core.event_handler.log_command:Invoked command in '/home/agalvan-admin/ros2_ws/build/force_dimension' returned '0': CMAKE_PREFIX_PATH=/opt/ros/galactic /usr/bin/cmake /home/agalvan-admin/ros2_ws/src/force_dimension -DCMAKE_CXX_STANDARD_LIBRARIES=-lusb-1.0 -DCMAKE_INSTALL_PREFIX=/home/agalvan-admin/ros2_ws/install/force_dimension
[6.663s] DEBUG:colcon.colcon_core.event_handler.log_command:Invoking command in '/home/agalvan-admin/ros2_ws/build/force_dimension': CMAKE_PREFIX_PATH=/opt/ros/galactic /usr/bin/cmake --build /home/agalvan-admin/ros2_ws/build/force_dimension -- -j8 -l8
[6.670s] DEBUG:colcon.colcon_core.event_handler.log_command:Invoked command in '/home/agalvan-admin/ros2_ws/build/lambda_tm' returned '0': CMAKE_PREFIX_PATH=/opt/ros/galactic /usr/bin/cmake /home/agalvan-admin/ros2_ws/src/lambda_tm -DCMAKE_CXX_STANDARD_LIBRARIES=-lusb-1.0 -DCMAKE_INSTALL_PREFIX=/home/agalvan-admin/ros2_ws/install/lambda_tm
[6.676s] DEBUG:colcon.colcon_core.event_handler.log_command:Invoking command in '/home/agalvan-admin/ros2_ws/build/lambda_tm': CMAKE_PREFIX_PATH=/opt/ros/galactic /usr/bin/cmake --build /home/agalvan-admin/ros2_ws/build/lambda_tm -- -j8 -l8
[13.198s] DEBUG:colcon.colcon_core.event_handler.log_command:Invoked command in '/home/agalvan-admin/ros2_ws/build/lambda_tm' returned '0': CMAKE_PREFIX_PATH=/opt/ros/galactic /usr/bin/cmake --build /home/agalvan-admin/ros2_ws/build/lambda_tm -- -j8 -l8
[13.304s] DEBUG:colcon.colcon_core.event_handler.log_command:Invoking command in '/home/agalvan-admin/ros2_ws/build/lambda_tm': CMAKE_PREFIX_PATH=/opt/ros/galactic /usr/bin/cmake --install /home/agalvan-admin/ros2_ws/build/lambda_tm
[13.322s] Level 1:colcon.colcon_core.environment:create_environment_scripts_only(lambda_tm)
[13.323s] DEBUG:colcon.colcon_core.event_handler.log_command:Invoked command in '/home/agalvan-admin/ros2_ws/build/lambda_tm' returned '0': CMAKE_PREFIX_PATH=/opt/ros/galactic /usr/bin/cmake --install /home/agalvan-admin/ros2_ws/build/lambda_tm
[13.398s] Level 1:colcon.colcon_core.environment:checking '/home/agalvan-admin/ros2_ws/install/lambda_tm' for CMake module files
[13.399s] Level 1:colcon.colcon_core.environment:checking '/home/agalvan-admin/ros2_ws/install/lambda_tm' for CMake config files
[13.399s] Level 1:colcon.colcon_core.shell:create_environment_hook('lambda_tm', 'cmake_prefix_path')
[13.456s] INFO:colcon.colcon_core.shell:Creating environment hook '/home/agalvan-admin/ros2_ws/install/lambda_tm/share/lambda_tm/hook/cmake_prefix_path.ps1'
[13.457s] INFO:colcon.colcon_core.shell:Creating environment descriptor '/home/agalvan-admin/ros2_ws/install/lambda_tm/share/lambda_tm/hook/cmake_prefix_path.dsv'
[13.457s] INFO:colcon.colcon_core.shell:Creating environment hook '/home/agalvan-admin/ros2_ws/install/lambda_tm/share/lambda_tm/hook/cmake_prefix_path.sh'
[13.458s] Level 1:colcon.colcon_core.environment:checking '/home/agalvan-admin/ros2_ws/install/lambda_tm/lib'
[13.458s] Level 1:colcon.colcon_core.environment:checking '/home/agalvan-admin/ros2_ws/install/lambda_tm/bin'
[13.458s] Level 1:colcon.colcon_core.environment:checking '/home/agalvan-admin/ros2_ws/install/lambda_tm/lib/pkgconfig/lambda_tm.pc'
[13.459s] Level 1:colcon.colcon_core.environment:checking '/home/agalvan-admin/ros2_ws/install/lambda_tm/lib/python3.8/site-packages'
[13.459s] Level 1:colcon.colcon_core.environment:checking '/home/agalvan-admin/ros2_ws/install/lambda_tm/bin'
[13.515s] INFO:colcon.colcon_core.shell:Creating package script '/home/agalvan-admin/ros2_ws/install/lambda_tm/share/lambda_tm/package.ps1'
[13.516s] INFO:colcon.colcon_core.shell:Creating package descriptor '/home/agalvan-admin/ros2_ws/install/lambda_tm/share/lambda_tm/package.dsv'
[13.516s] INFO:colcon.colcon_core.shell:Creating package script '/home/agalvan-admin/ros2_ws/install/lambda_tm/share/lambda_tm/package.sh'
[13.517s] INFO:colcon.colcon_core.shell:Creating package script '/home/agalvan-admin/ros2_ws/install/lambda_tm/share/lambda_tm/package.bash'
[13.517s] INFO:colcon.colcon_core.shell:Creating package script '/home/agalvan-admin/ros2_ws/install/lambda_tm/share/lambda_tm/package.zsh'
[13.518s] Level 1:colcon.colcon_core.environment:create_file_with_runtime_dependencies(/home/agalvan-admin/ros2_ws/install/lambda_tm/share/colcon-core/packages/lambda_tm)
[13.657s] Level 1:colcon.colcon_core.environment:create_environment_scripts_only(lambda_tm)
[13.712s] Level 1:colcon.colcon_core.environment:checking '/home/agalvan-admin/ros2_ws/install/lambda_tm' for CMake module files
[13.712s] Level 1:colcon.colcon_core.environment:checking '/home/agalvan-admin/ros2_ws/install/lambda_tm' for CMake config files
[13.712s] Level 1:colcon.colcon_core.shell:create_environment_hook('lambda_tm', 'cmake_prefix_path')
[13.767s] INFO:colcon.colcon_core.shell:Creating environment hook '/home/agalvan-admin/ros2_ws/install/lambda_tm/share/lambda_tm/hook/cmake_prefix_path.ps1'
[13.768s] INFO:colcon.colcon_core.shell:Creating environment descriptor '/home/agalvan-admin/ros2_ws/install/lambda_tm/share/lambda_tm/hook/cmake_prefix_path.dsv'
[13.768s] INFO:colcon.colcon_core.shell:Creating environment hook '/home/agalvan-admin/ros2_ws/install/lambda_tm/share/lambda_tm/hook/cmake_prefix_path.sh'
[13.769s] Level 1:colcon.colcon_core.environment:checking '/home/agalvan-admin/ros2_ws/install/lambda_tm/lib'
[13.769s] Level 1:colcon.colcon_core.environment:checking '/home/agalvan-admin/ros2_ws/install/lambda_tm/bin'
[13.769s] Level 1:colcon.colcon_core.environment:checking '/home/agalvan-admin/ros2_ws/install/lambda_tm/lib/pkgconfig/lambda_tm.pc'
[13.769s] Level 1:colcon.colcon_core.environment:checking '/home/agalvan-admin/ros2_ws/install/lambda_tm/lib/python3.8/site-packages'
[13.769s] Level 1:colcon.colcon_core.environment:checking '/home/agalvan-admin/ros2_ws/install/lambda_tm/bin'
[13.823s] INFO:colcon.colcon_core.shell:Creating package script '/home/agalvan-admin/ros2_ws/install/lambda_tm/share/lambda_tm/package.ps1'
[13.824s] INFO:colcon.colcon_core.shell:Creating package descriptor '/home/agalvan-admin/ros2_ws/install/lambda_tm/share/lambda_tm/package.dsv'
[13.824s] INFO:colcon.colcon_core.shell:Creating package script '/home/agalvan-admin/ros2_ws/install/lambda_tm/share/lambda_tm/package.sh'
[13.825s] INFO:colcon.colcon_core.shell:Creating package script '/home/agalvan-admin/ros2_ws/install/lambda_tm/share/lambda_tm/package.bash'
[13.825s] INFO:colcon.colcon_core.shell:Creating package script '/home/agalvan-admin/ros2_ws/install/lambda_tm/share/lambda_tm/package.zsh'
[13.825s] Level 1:colcon.colcon_core.environment:create_file_with_runtime_dependencies(/home/agalvan-admin/ros2_ws/install/lambda_tm/share/colcon-core/packages/lambda_tm)
[15.752s] DEBUG:colcon.colcon_core.event_handler.log_command:Invoked command in '/home/agalvan-admin/ros2_ws/build/force_dimension' returned '0': CMAKE_PREFIX_PATH=/opt/ros/galactic /usr/bin/cmake --build /home/agalvan-admin/ros2_ws/build/force_dimension -- -j8 -l8
[15.896s] DEBUG:colcon.colcon_core.event_handler.log_command:Invoking command in '/home/agalvan-admin/ros2_ws/build/force_dimension': CMAKE_PREFIX_PATH=/opt/ros/galactic /usr/bin/cmake --install /home/agalvan-admin/ros2_ws/build/force_dimension
[15.967s] Level 1:colcon.colcon_core.environment:create_environment_scripts_only(force_dimension)
[15.968s] DEBUG:colcon.colcon_core.event_handler.log_command:Invoked command in '/home/agalvan-admin/ros2_ws/build/force_dimension' returned '0': CMAKE_PREFIX_PATH=/opt/ros/galactic /usr/bin/cmake --install /home/agalvan-admin/ros2_ws/build/force_dimension
[16.041s] Level 1:colcon.colcon_core.environment:checking '/home/agalvan-admin/ros2_ws/install/force_dimension' for CMake module files
[16.042s] Level 1:colcon.colcon_core.environment:checking '/home/agalvan-admin/ros2_ws/install/force_dimension' for CMake config files
[16.042s] Level 1:colcon.colcon_core.shell:create_environment_hook('force_dimension', 'cmake_prefix_path')
[16.097s] INFO:colcon.colcon_core.shell:Creating environment hook '/home/agalvan-admin/ros2_ws/install/force_dimension/share/force_dimension/hook/cmake_prefix_path.ps1'
[16.097s] INFO:colcon.colcon_core.shell:Creating environment descriptor '/home/agalvan-admin/ros2_ws/install/force_dimension/share/force_dimension/hook/cmake_prefix_path.dsv'
[16.097s] INFO:colcon.colcon_core.shell:Creating environment hook '/home/agalvan-admin/ros2_ws/install/force_dimension/share/force_dimension/hook/cmake_prefix_path.sh'
[16.098s] Level 1:colcon.colcon_core.environment:checking '/home/agalvan-admin/ros2_ws/install/force_dimension/lib'
[16.098s] Level 1:colcon.colcon_core.environment:checking '/home/agalvan-admin/ros2_ws/install/force_dimension/bin'
[16.098s] Level 1:colcon.colcon_core.environment:checking '/home/agalvan-admin/ros2_ws/install/force_dimension/lib/pkgconfig/force_dimension.pc'
[16.098s] Level 1:colcon.colcon_core.environment:checking '/home/agalvan-admin/ros2_ws/install/force_dimension/lib/python3.8/site-packages'
[16.098s] Level 1:colcon.colcon_core.shell:create_environment_hook('force_dimension', 'pythonpath')
[16.164s] INFO:colcon.colcon_core.shell:Creating environment hook '/home/agalvan-admin/ros2_ws/install/force_dimension/share/force_dimension/hook/pythonpath.ps1'
[16.164s] INFO:colcon.colcon_core.shell:Creating environment descriptor '/home/agalvan-admin/ros2_ws/install/force_dimension/share/force_dimension/hook/pythonpath.dsv'
[16.164s] INFO:colcon.colcon_core.shell:Creating environment hook '/home/agalvan-admin/ros2_ws/install/force_dimension/share/force_dimension/hook/pythonpath.sh'
[16.165s] Level 1:colcon.colcon_core.environment:checking '/home/agalvan-admin/ros2_ws/install/force_dimension/bin'
[16.218s] INFO:colcon.colcon_core.shell:Creating package script '/home/agalvan-admin/ros2_ws/install/force_dimension/share/force_dimension/package.ps1'
[16.218s] INFO:colcon.colcon_core.shell:Creating package descriptor '/home/agalvan-admin/ros2_ws/install/force_dimension/share/force_dimension/package.dsv'
[16.219s] INFO:colcon.colcon_core.shell:Creating package script '/home/agalvan-admin/ros2_ws/install/force_dimension/share/force_dimension/package.sh'
[16.219s] INFO:colcon.colcon_core.shell:Creating package script '/home/agalvan-admin/ros2_ws/install/force_dimension/share/force_dimension/package.bash'
[16.219s] INFO:colcon.colcon_core.shell:Creating package script '/home/agalvan-admin/ros2_ws/install/force_dimension/share/force_dimension/package.zsh'
[16.220s] Level 1:colcon.colcon_core.environment:create_file_with_runtime_dependencies(/home/agalvan-admin/ros2_ws/install/force_dimension/share/colcon-core/packages/force_dimension)
[16.488s] Level 1:colcon.colcon_core.environment:create_environment_scripts_only(force_dimension)
[16.542s] Level 1:colcon.colcon_core.environment:checking '/home/agalvan-admin/ros2_ws/install/force_dimension' for CMake module files
[16.543s] Level 1:colcon.colcon_core.environment:checking '/home/agalvan-admin/ros2_ws/install/force_dimension' for CMake config files
[16.543s] Level 1:colcon.colcon_core.shell:create_environment_hook('force_dimension', 'cmake_prefix_path')
[16.596s] INFO:colcon.colcon_core.shell:Creating environment hook '/home/agalvan-admin/ros2_ws/install/force_dimension/share/force_dimension/hook/cmake_prefix_path.ps1'
[16.597s] INFO:colcon.colcon_core.shell:Creating environment descriptor '/home/agalvan-admin/ros2_ws/install/force_dimension/share/force_dimension/hook/cmake_prefix_path.dsv'
[16.597s] INFO:colcon.colcon_core.shell:Creating environment hook '/home/agalvan-admin/ros2_ws/install/force_dimension/share/force_dimension/hook/cmake_prefix_path.sh'
[16.598s] Level 1:colcon.colcon_core.environment:checking '/home/agalvan-admin/ros2_ws/install/force_dimension/lib'
[16.598s] Level 1:colcon.colcon_core.environment:checking '/home/agalvan-admin/ros2_ws/install/force_dimension/bin'
[16.598s] Level 1:colcon.colcon_core.environment:checking '/home/agalvan-admin/ros2_ws/install/force_dimension/lib/pkgconfig/force_dimension.pc'
[16.598s] Level 1:colcon.colcon_core.environment:checking '/home/agalvan-admin/ros2_ws/install/force_dimension/lib/python3.8/site-packages'
[16.598s] Level 1:colcon.colcon_core.shell:create_environment_hook('force_dimension', 'pythonpath')
[16.651s] INFO:colcon.colcon_core.shell:Creating environment hook '/home/agalvan-admin/ros2_ws/install/force_dimension/share/force_dimension/hook/pythonpath.ps1'
[16.651s] INFO:colcon.colcon_core.shell:Creating environment descriptor '/home/agalvan-admin/ros2_ws/install/force_dimension/share/force_dimension/hook/pythonpath.dsv'
[16.651s] INFO:colcon.colcon_core.shell:Creating environment hook '/home/agalvan-admin/ros2_ws/install/force_dimension/share/force_dimension/hook/pythonpath.sh'
[16.652s] Level 1:colcon.colcon_core.environment:checking '/home/agalvan-admin/ros2_ws/install/force_dimension/bin'
[16.706s] INFO:colcon.colcon_core.shell:Creating package script '/home/agalvan-admin/ros2_ws/install/force_dimension/share/force_dimension/package.ps1'
[16.707s] INFO:colcon.colcon_core.shell:Creating package descriptor '/home/agalvan-admin/ros2_ws/install/force_dimension/share/force_dimension/package.dsv'
[16.707s] INFO:colcon.colcon_core.shell:Creating package script '/home/agalvan-admin/ros2_ws/install/force_dimension/share/force_dimension/package.sh'
[16.707s] INFO:colcon.colcon_core.shell:Creating package script '/home/agalvan-admin/ros2_ws/install/force_dimension/share/force_dimension/package.bash'
[16.708s] INFO:colcon.colcon_core.shell:Creating package script '/home/agalvan-admin/ros2_ws/install/force_dimension/share/force_dimension/package.zsh'
[16.708s] Level 1:colcon.colcon_core.environment:create_file_with_runtime_dependencies(/home/agalvan-admin/ros2_ws/install/force_dimension/share/colcon-core/packages/force_dimension)
[16.708s] DEBUG:colcon.colcon_parallel_executor.executor.parallel:closing loop
[16.709s] DEBUG:colcon.colcon_parallel_executor.executor.parallel:loop closed
[16.709s] DEBUG:colcon.colcon_parallel_executor.executor.parallel:run_until_complete finished with '0'
[16.709s] DEBUG:colcon.colcon_core.event_reactor:joining thread
[16.782s] INFO:colcon.colcon_core.plugin_system:Skipping extension 'colcon_notification.desktop_notification.terminal_notifier': Not used on non-Darwin systems
[16.782s] INFO:colcon.colcon_core.plugin_system:Skipping extension 'colcon_notification.desktop_notification.win32': Not used on non-Windows systems
[16.782s] INFO:colcon.colcon_notification.desktop_notification:Sending desktop notification using 'notify2'
[16.802s] DEBUG:colcon.colcon_core.event_reactor:joined thread
[16.880s] INFO:colcon.colcon_core.shell:Creating prefix script '/home/agalvan-admin/ros2_ws/install/local_setup.ps1'
[16.881s] INFO:colcon.colcon_core.shell:Creating prefix util module '/home/agalvan-admin/ros2_ws/install/_local_setup_util_ps1.py'
[16.882s] INFO:colcon.colcon_core.shell:Creating prefix chain script '/home/agalvan-admin/ros2_ws/install/setup.ps1'
[16.938s] INFO:colcon.colcon_core.shell:Creating prefix script '/home/agalvan-admin/ros2_ws/install/local_setup.sh'
[16.939s] INFO:colcon.colcon_core.shell:Creating prefix util module '/home/agalvan-admin/ros2_ws/install/_local_setup_util_sh.py'
[16.939s] INFO:colcon.colcon_core.shell:Creating prefix chain script '/home/agalvan-admin/ros2_ws/install/setup.sh'
[16.997s] INFO:colcon.colcon_core.shell:Creating prefix script '/home/agalvan-admin/ros2_ws/install/local_setup.bash'
[16.997s] INFO:colcon.colcon_core.shell:Creating prefix chain script '/home/agalvan-admin/ros2_ws/install/setup.bash'
[17.053s] INFO:colcon.colcon_core.shell:Creating prefix script '/home/agalvan-admin/ros2_ws/install/local_setup.zsh'
[17.053s] INFO:colcon.colcon_core.shell:Creating prefix chain script '/home/agalvan-admin/ros2_ws/install/setup.zsh'
