[0.368s] Invoking command in '/home/agalvan-admin/ros2_ws/build/force_dimension': CMAKE_PREFIX_PATH=${CMAKE_PREFIX_PATH}:/opt/ros/galactic /usr/bin/cmake /home/agalvan-admin/ros2_ws/src/force_dimension -DCMAKE_INSTALL_PREFIX=/home/agalvan-admin/ros2_ws/install/force_dimension
[0.399s] -- Found ament_cmake: 1.1.6 (/opt/ros/galactic/share/ament_cmake/cmake)
[0.434s] -- Using PYTHON_EXECUTABLE: /usr/bin/python3
[0.504s] -- Found rclcpp: 9.2.2 (/opt/ros/galactic/share/rclcpp/cmake)
[0.543s] -- Using all available rosidl_typesupport_c: rosidl_typesupport_fastrtps_c;rosidl_typesupport_introspection_c
[0.546s] -- Found rosidl_adapter: 2.2.3 (/opt/ros/galactic/share/rosidl_adapter/cmake)
[0.670s] -- Using all available rosidl_typesupport_cpp: rosidl_typesupport_fastrtps_cpp;rosidl_typesupport_introspection_cpp
[0.716s] -- Found rmw_implementation_cmake: 3.3.1 (/opt/ros/galactic/share/rmw_implementation_cmake/cmake)
[0.717s] -- Found rmw_cyclonedds_cpp: 0.22.6 (/opt/ros/galactic/share/rmw_cyclonedds_cpp/cmake)
[0.734s] -- Using RMW implementation 'rmw_cyclonedds_cpp' as default
[0.865s] -- Found geometry_msgs: 2.2.4 (/opt/ros/galactic/share/geometry_msgs/cmake)
[0.895s] -- Found example_interfaces: 0.9.2 (/opt/ros/galactic/share/example_interfaces/cmake)
[1.005s] CMake Error at CMakeLists.txt:28 (find_package):
[1.005s]   By not providing "FindForceDimensionSDK.cmake" in CMAKE_MODULE_PATH this
[1.005s]   project has asked CMake to find a package configuration file provided by
[1.005s]   "ForceDimensionSDK", but CMake did not find one.
[1.005s] 
[1.005s]   Could not find a package configuration file provided by "ForceDimensionSDK"
[1.005s]   with any of the following names:
[1.005s] 
[1.005s]     ForceDimensionSDKConfig.cmake
[1.005s]     forcedimensionsdk-config.cmake
[1.005s] 
[1.005s]   Add the installation prefix of "ForceDimensionSDK" to CMAKE_PREFIX_PATH or
[1.005s]   set "ForceDimensionSDK_DIR" to a directory containing one of the above
[1.006s]   files.  If "ForceDimensionSDK" provides a separate development package or
[1.006s]   SDK, be sure it has been installed.
[1.006s] 
[1.006s] 
[1.006s] -- Configuring incomplete, errors occurred!
[1.006s] See also "/home/agalvan-admin/ros2_ws/build/force_dimension/CMakeFiles/CMakeOutput.log".
[1.006s] See also "/home/agalvan-admin/ros2_ws/build/force_dimension/CMakeFiles/CMakeError.log".
[1.014s] Invoked command in '/home/agalvan-admin/ros2_ws/build/force_dimension' returned '1': CMAKE_PREFIX_PATH=${CMAKE_PREFIX_PATH}:/opt/ros/galactic /usr/bin/cmake /home/agalvan-admin/ros2_ws/src/force_dimension -DCMAKE_INSTALL_PREFIX=/home/agalvan-admin/ros2_ws/install/force_dimension
