[0.263s] Invoking command in '/home/agalvan-admin/ros2_ws/build/lambda_tm': CMAKE_PREFIX_PATH=${CMAKE_PREFIX_PATH}:/opt/ros/galactic /usr/bin/cmake --build /home/agalvan-admin/ros2_ws/build/lambda_tm -- -j8 -l8
[0.368s] [35m[1mScanning dependencies of target lambda_force[0m
[0.411s] [ 50%] Built target lambda_publisher
[0.413s] [ 75%] [32mBuilding CXX object CMakeFiles/lambda_force.dir/src/lambda_force.cpp.o[0m
[2.112s] [01m[K/home/agalvan-admin/ros2_ws/src/lambda_tm/src/lambda_force.cpp:[m[K In member function ‘[01m[Kvoid LambdaForce::handle_disconnection()[m[K’:
[2.113s] [01m[K/home/agalvan-admin/ros2_ws/src/lambda_tm/src/lambda_force.cpp:76:36:[m[K [01;31m[Kerror: [m[Kcannot convert ‘[01m[Kint**[m[K’ to ‘[01m[Kuint*[m[K’ {aka ‘[01m[Kunsigned int*[m[K’}
[2.113s]    76 |         if(dhdGetVelocityThreshold([01;31m[K&fx[m[K, fy, fz, tx, ty, tz, f) == 0) {
[2.113s]       |                                    [01;31m[K^~~[m[K
[2.113s]       |                                    [01;31m[K|[m[K
[2.113s]       |                                    [01;31m[Kint**[m[K
[2.114s] In file included from [01m[K/home/agalvan-admin/ros2_ws/src/lambda_tm/src/lambda_force.cpp:22[m[K:
[2.114s] [01m[K/home/agalvan-admin/sdk-3.15.0/include/dhdc.h:307:75:[m[K [01;36m[Knote: [m[K  initializing argument 1 of ‘[01m[Kint dhdGetVelocityThreshold(uint*, char)[m[K’
[2.114s]   307 |   int         __SDK dhdGetVelocityThreshold                        ([01;36m[Kuint *val[m[K, char ID = -1);
[2.114s]       |                                                                     [01;36m[K~~~~~~^~~[m[K
[2.114s] In file included from [01m[K/opt/ros/galactic/include/rclcpp/client.hpp:40[m[K,
[2.114s]                  from [01m[K/opt/ros/galactic/include/rclcpp/callback_group.hpp:23[m[K,
[2.114s]                  from [01m[K/opt/ros/galactic/include/rclcpp/any_executable.hpp:20[m[K,
[2.115s]                  from [01m[K/opt/ros/galactic/include/rclcpp/memory_strategy.hpp:25[m[K,
[2.115s]                  from [01m[K/opt/ros/galactic/include/rclcpp/memory_strategies.hpp:18[m[K,
[2.115s]                  from [01m[K/opt/ros/galactic/include/rclcpp/executor_options.hpp:20[m[K,
[2.115s]                  from [01m[K/opt/ros/galactic/include/rclcpp/executor.hpp:36[m[K,
[2.115s]                  from [01m[K/opt/ros/galactic/include/rclcpp/executors/multi_threaded_executor.hpp:26[m[K,
[2.115s]                  from [01m[K/opt/ros/galactic/include/rclcpp/executors.hpp:21[m[K,
[2.116s]                  from [01m[K/opt/ros/galactic/include/rclcpp/rclcpp.hpp:156[m[K,
[2.116s]                  from [01m[K/home/agalvan-admin/ros2_ws/src/lambda_tm/src/lambda_force.cpp:17[m[K:
[2.116s] [01m[K/home/agalvan-admin/ros2_ws/src/lambda_tm/src/lambda_force.cpp:77:45:[m[K [01;35m[Kwarning: [m[Kformat ‘[01m[K%d[m[K’ expects argument of type ‘[01m[Kint[m[K’, but argument 5 has type ‘[01m[Kint**[m[K’ [[01;35m[K-Wformat=[m[K]
[2.116s]    77 |             RCLCPP_INFO(this->get_logger(), [01;35m[K"%d, %d, %d, %d, %d, %d, %d"[m[K, [32m[K&fx[m[K, &fy, &fz, &tx, &ty, &tz, &f);
[2.116s]       |                                             [01;35m[K^~~~~~~~~~~~~~~~~~~~~~~~~~~~[m[K  [32m[K~~~[m[K
[2.116s]       |                                                                           [32m[K|[m[K
[2.116s]       |                                                                           [32m[Kint**[m[K
[2.117s] [01m[K/home/agalvan-admin/ros2_ws/src/lambda_tm/src/lambda_force.cpp:77:47:[m[K [01;36m[Knote: [m[Kformat string is defined here
[2.117s]    77 |             RCLCPP_INFO(this->get_logger(), "[01;36m[K%d[m[K, %d, %d, %d, %d, %d, %d", &fx, &fy, &fz, &tx, &ty, &tz, &f);
[2.117s]       |                                              [01;36m[K~^[m[K
[2.117s]       |                                               [01;36m[K|[m[K
[2.117s]       |                                               [01;36m[Kint[m[K
[2.117s] In file included from [01m[K/opt/ros/galactic/include/rclcpp/client.hpp:40[m[K,
[2.118s]                  from [01m[K/opt/ros/galactic/include/rclcpp/callback_group.hpp:23[m[K,
[2.118s]                  from [01m[K/opt/ros/galactic/include/rclcpp/any_executable.hpp:20[m[K,
[2.118s]                  from [01m[K/opt/ros/galactic/include/rclcpp/memory_strategy.hpp:25[m[K,
[2.118s]                  from [01m[K/opt/ros/galactic/include/rclcpp/memory_strategies.hpp:18[m[K,
[2.118s]                  from [01m[K/opt/ros/galactic/include/rclcpp/executor_options.hpp:20[m[K,
[2.118s]                  from [01m[K/opt/ros/galactic/include/rclcpp/executor.hpp:36[m[K,
[2.118s]                  from [01m[K/opt/ros/galactic/include/rclcpp/executors/multi_threaded_executor.hpp:26[m[K,
[2.119s]                  from [01m[K/opt/ros/galactic/include/rclcpp/executors.hpp:21[m[K,
[2.119s]                  from [01m[K/opt/ros/galactic/include/rclcpp/rclcpp.hpp:156[m[K,
[2.119s]                  from [01m[K/home/agalvan-admin/ros2_ws/src/lambda_tm/src/lambda_force.cpp:17[m[K:
[2.119s] [01m[K/home/agalvan-admin/ros2_ws/src/lambda_tm/src/lambda_force.cpp:77:45:[m[K [01;35m[Kwarning: [m[Kformat ‘[01m[K%d[m[K’ expects argument of type ‘[01m[Kint[m[K’, but argument 6 has type ‘[01m[Kint*[m[K’ [[01;35m[K-Wformat=[m[K]
[2.119s]    77 |             RCLCPP_INFO(this->get_logger(), [01;35m[K"%d, %d, %d, %d, %d, %d, %d"[m[K, &fx, [32m[K&fy[m[K, &fz, &tx, &ty, &tz, &f);
[2.119s]       |                                             [01;35m[K^~~~~~~~~~~~~~~~~~~~~~~~~~~~[m[K       [32m[K~~~[m[K
[2.120s]       |                                                                                [32m[K|[m[K
[2.120s]       |                                                                                [32m[Kint*[m[K
[2.120s] [01m[K/home/agalvan-admin/ros2_ws/src/lambda_tm/src/lambda_force.cpp:77:51:[m[K [01;36m[Knote: [m[Kformat string is defined here
[2.120s]    77 |             RCLCPP_INFO(this->get_logger(), "%d, [01;36m[K%d[m[K, %d, %d, %d, %d, %d", &fx, &fy, &fz, &tx, &ty, &tz, &f);
[2.120s]       |                                                  [01;36m[K~^[m[K
[2.120s]       |                                                   [01;36m[K|[m[K
[2.121s]       |                                                   [01;36m[Kint[m[K
[2.121s]       |                                                  [32m[K%n[m[K
[2.121s] In file included from [01m[K/opt/ros/galactic/include/rclcpp/client.hpp:40[m[K,
[2.121s]                  from [01m[K/opt/ros/galactic/include/rclcpp/callback_group.hpp:23[m[K,
[2.121s]                  from [01m[K/opt/ros/galactic/include/rclcpp/any_executable.hpp:20[m[K,
[2.121s]                  from [01m[K/opt/ros/galactic/include/rclcpp/memory_strategy.hpp:25[m[K,
[2.121s]                  from [01m[K/opt/ros/galactic/include/rclcpp/memory_strategies.hpp:18[m[K,
[2.122s]                  from [01m[K/opt/ros/galactic/include/rclcpp/executor_options.hpp:20[m[K,
[2.122s]                  from [01m[K/opt/ros/galactic/include/rclcpp/executor.hpp:36[m[K,
[2.122s]                  from [01m[K/opt/ros/galactic/include/rclcpp/executors/multi_threaded_executor.hpp:26[m[K,
[2.122s]                  from [01m[K/opt/ros/galactic/include/rclcpp/executors.hpp:21[m[K,
[2.122s]                  from [01m[K/opt/ros/galactic/include/rclcpp/rclcpp.hpp:156[m[K,
[2.122s]                  from [01m[K/home/agalvan-admin/ros2_ws/src/lambda_tm/src/lambda_force.cpp:17[m[K:
[2.123s] [01m[K/home/agalvan-admin/ros2_ws/src/lambda_tm/src/lambda_force.cpp:77:45:[m[K [01;35m[Kwarning: [m[Kformat ‘[01m[K%d[m[K’ expects argument of type ‘[01m[Kint[m[K’, but argument 7 has type ‘[01m[Kint*[m[K’ [[01;35m[K-Wformat=[m[K]
[2.123s]    77 |             RCLCPP_INFO(this->get_logger(), [01;35m[K"%d, %d, %d, %d, %d, %d, %d"[m[K, &fx, &fy, [32m[K&fz[m[K, &tx, &ty, &tz, &f);
[2.123s]       |                                             [01;35m[K^~~~~~~~~~~~~~~~~~~~~~~~~~~~[m[K            [32m[K~~~[m[K
[2.123s]       |                                                                                     [32m[K|[m[K
[2.123s]       |                                                                                     [32m[Kint*[m[K
[2.123s] [01m[K/home/agalvan-admin/ros2_ws/src/lambda_tm/src/lambda_force.cpp:77:55:[m[K [01;36m[Knote: [m[Kformat string is defined here
[2.123s]    77 |             RCLCPP_INFO(this->get_logger(), "%d, %d, [01;36m[K%d[m[K, %d, %d, %d, %d", &fx, &fy, &fz, &tx, &ty, &tz, &f);
[2.124s]       |                                                      [01;36m[K~^[m[K
[2.124s]       |                                                       [01;36m[K|[m[K
[2.124s]       |                                                       [01;36m[Kint[m[K
[2.124s]       |                                                      [32m[K%n[m[K
[2.124s] In file included from [01m[K/opt/ros/galactic/include/rclcpp/client.hpp:40[m[K,
[2.124s]                  from [01m[K/opt/ros/galactic/include/rclcpp/callback_group.hpp:23[m[K,
[2.124s]                  from [01m[K/opt/ros/galactic/include/rclcpp/any_executable.hpp:20[m[K,
[2.125s]                  from [01m[K/opt/ros/galactic/include/rclcpp/memory_strategy.hpp:25[m[K,
[2.125s]                  from [01m[K/opt/ros/galactic/include/rclcpp/memory_strategies.hpp:18[m[K,
[2.125s]                  from [01m[K/opt/ros/galactic/include/rclcpp/executor_options.hpp:20[m[K,
[2.125s]                  from [01m[K/opt/ros/galactic/include/rclcpp/executor.hpp:36[m[K,
[2.125s]                  from [01m[K/opt/ros/galactic/include/rclcpp/executors/multi_threaded_executor.hpp:26[m[K,
[2.125s]                  from [01m[K/opt/ros/galactic/include/rclcpp/executors.hpp:21[m[K,
[2.126s]                  from [01m[K/opt/ros/galactic/include/rclcpp/rclcpp.hpp:156[m[K,
[2.126s]                  from [01m[K/home/agalvan-admin/ros2_ws/src/lambda_tm/src/lambda_force.cpp:17[m[K:
[2.126s] [01m[K/home/agalvan-admin/ros2_ws/src/lambda_tm/src/lambda_force.cpp:77:45:[m[K [01;35m[Kwarning: [m[Kformat ‘[01m[K%d[m[K’ expects argument of type ‘[01m[Kint[m[K’, but argument 8 has type ‘[01m[Kint*[m[K’ [[01;35m[K-Wformat=[m[K]
[2.126s]    77 |             RCLCPP_INFO(this->get_logger(), [01;35m[K"%d, %d, %d, %d, %d, %d, %d"[m[K, &fx, &fy, &fz, [32m[K&tx[m[K, &ty, &tz, &f);
[2.126s]       |                                             [01;35m[K^~~~~~~~~~~~~~~~~~~~~~~~~~~~[m[K                 [32m[K~~~[m[K
[2.126s]       |                                                                                          [32m[K|[m[K
[2.127s]       |                                                                                          [32m[Kint*[m[K
[2.127s] [01m[K/home/agalvan-admin/ros2_ws/src/lambda_tm/src/lambda_force.cpp:77:59:[m[K [01;36m[Knote: [m[Kformat string is defined here
[2.127s]    77 |             RCLCPP_INFO(this->get_logger(), "%d, %d, %d, [01;36m[K%d[m[K, %d, %d, %d", &fx, &fy, &fz, &tx, &ty, &tz, &f);
[2.127s]       |                                                          [01;36m[K~^[m[K
[2.127s]       |                                                           [01;36m[K|[m[K
[2.127s]       |                                                           [01;36m[Kint[m[K
[2.127s]       |                                                          [32m[K%n[m[K
[2.127s] In file included from [01m[K/opt/ros/galactic/include/rclcpp/client.hpp:40[m[K,
[2.127s]                  from [01m[K/opt/ros/galactic/include/rclcpp/callback_group.hpp:23[m[K,
[2.128s]                  from [01m[K/opt/ros/galactic/include/rclcpp/any_executable.hpp:20[m[K,
[2.128s]                  from [01m[K/opt/ros/galactic/include/rclcpp/memory_strategy.hpp:25[m[K,
[2.128s]                  from [01m[K/opt/ros/galactic/include/rclcpp/memory_strategies.hpp:18[m[K,
[2.128s]                  from [01m[K/opt/ros/galactic/include/rclcpp/executor_options.hpp:20[m[K,
[2.128s]                  from [01m[K/opt/ros/galactic/include/rclcpp/executor.hpp:36[m[K,
[2.128s]                  from [01m[K/opt/ros/galactic/include/rclcpp/executors/multi_threaded_executor.hpp:26[m[K,
[2.128s]                  from [01m[K/opt/ros/galactic/include/rclcpp/executors.hpp:21[m[K,
[2.128s]                  from [01m[K/opt/ros/galactic/include/rclcpp/rclcpp.hpp:156[m[K,
[2.128s]                  from [01m[K/home/agalvan-admin/ros2_ws/src/lambda_tm/src/lambda_force.cpp:17[m[K:
[2.128s] [01m[K/home/agalvan-admin/ros2_ws/src/lambda_tm/src/lambda_force.cpp:77:45:[m[K [01;35m[Kwarning: [m[Kformat ‘[01m[K%d[m[K’ expects argument of type ‘[01m[Kint[m[K’, but argument 9 has type ‘[01m[Kint*[m[K’ [[01;35m[K-Wformat=[m[K]
[2.129s]    77 |             RCLCPP_INFO(this->get_logger(), [01;35m[K"%d, %d, %d, %d, %d, %d, %d"[m[K, &fx, &fy, &fz, &tx, [32m[K&ty[m[K, &tz, &f);
[2.129s]       |                                             [01;35m[K^~~~~~~~~~~~~~~~~~~~~~~~~~~~[m[K                      [32m[K~~~[m[K
[2.129s]       |                                                                                               [32m[K|[m[K
[2.129s]       |                                                                                               [32m[Kint*[m[K
[2.129s] [01m[K/home/agalvan-admin/ros2_ws/src/lambda_tm/src/lambda_force.cpp:77:63:[m[K [01;36m[Knote: [m[Kformat string is defined here
[2.129s]    77 |             RCLCPP_INFO(this->get_logger(), "%d, %d, %d, %d, [01;36m[K%d[m[K, %d, %d", &fx, &fy, &fz, &tx, &ty, &tz, &f);
[2.129s]       |                                                              [01;36m[K~^[m[K
[2.129s]       |                                                               [01;36m[K|[m[K
[2.129s]       |                                                               [01;36m[Kint[m[K
[2.129s]       |                                                              [32m[K%n[m[K
[2.129s] In file included from [01m[K/opt/ros/galactic/include/rclcpp/client.hpp:40[m[K,
[2.130s]                  from [01m[K/opt/ros/galactic/include/rclcpp/callback_group.hpp:23[m[K,
[2.130s]                  from [01m[K/opt/ros/galactic/include/rclcpp/any_executable.hpp:20[m[K,
[2.130s]                  from [01m[K/opt/ros/galactic/include/rclcpp/memory_strategy.hpp:25[m[K,
[2.130s]                  from [01m[K/opt/ros/galactic/include/rclcpp/memory_strategies.hpp:18[m[K,
[2.130s]                  from [01m[K/opt/ros/galactic/include/rclcpp/executor_options.hpp:20[m[K,
[2.130s]                  from [01m[K/opt/ros/galactic/include/rclcpp/executor.hpp:36[m[K,
[2.130s]                  from [01m[K/opt/ros/galactic/include/rclcpp/executors/multi_threaded_executor.hpp:26[m[K,
[2.130s]                  from [01m[K/opt/ros/galactic/include/rclcpp/executors.hpp:21[m[K,
[2.130s]                  from [01m[K/opt/ros/galactic/include/rclcpp/rclcpp.hpp:156[m[K,
[2.130s]                  from [01m[K/home/agalvan-admin/ros2_ws/src/lambda_tm/src/lambda_force.cpp:17[m[K:
[2.131s] [01m[K/home/agalvan-admin/ros2_ws/src/lambda_tm/src/lambda_force.cpp:77:45:[m[K [01;35m[Kwarning: [m[Kformat ‘[01m[K%d[m[K’ expects argument of type ‘[01m[Kint[m[K’, but argument 10 has type ‘[01m[Kint*[m[K’ [[01;35m[K-Wformat=[m[K]
[2.131s]    77 |             RCLCPP_INFO(this->get_logger(), [01;35m[K"%d, %d, %d, %d, %d, %d, %d"[m[K, &fx, &fy, &fz, &tx, &ty, [32m[K&tz[m[K, &f);
[2.131s]       |                                             [01;35m[K^~~~~~~~~~~~~~~~~~~~~~~~~~~~[m[K                           [32m[K~~~[m[K
[2.131s]       |                                                                                                    [32m[K|[m[K
[2.131s]       |                                                                                                    [32m[Kint*[m[K
[2.131s] [01m[K/home/agalvan-admin/ros2_ws/src/lambda_tm/src/lambda_force.cpp:77:67:[m[K [01;36m[Knote: [m[Kformat string is defined here
[2.131s]    77 |             RCLCPP_INFO(this->get_logger(), "%d, %d, %d, %d, %d, [01;36m[K%d[m[K, %d", &fx, &fy, &fz, &tx, &ty, &tz, &f);
[2.132s]       |                                                                  [01;36m[K~^[m[K
[2.132s]       |                                                                   [01;36m[K|[m[K
[2.132s]       |                                                                   [01;36m[Kint[m[K
[2.132s]       |                                                                  [32m[K%n[m[K
[2.132s] In file included from [01m[K/opt/ros/galactic/include/rclcpp/client.hpp:40[m[K,
[2.132s]                  from [01m[K/opt/ros/galactic/include/rclcpp/callback_group.hpp:23[m[K,
[2.132s]                  from [01m[K/opt/ros/galactic/include/rclcpp/any_executable.hpp:20[m[K,
[2.132s]                  from [01m[K/opt/ros/galactic/include/rclcpp/memory_strategy.hpp:25[m[K,
[2.133s]                  from [01m[K/opt/ros/galactic/include/rclcpp/memory_strategies.hpp:18[m[K,
[2.133s]                  from [01m[K/opt/ros/galactic/include/rclcpp/executor_options.hpp:20[m[K,
[2.133s]                  from [01m[K/opt/ros/galactic/include/rclcpp/executor.hpp:36[m[K,
[2.133s]                  from [01m[K/opt/ros/galactic/include/rclcpp/executors/multi_threaded_executor.hpp:26[m[K,
[2.133s]                  from [01m[K/opt/ros/galactic/include/rclcpp/executors.hpp:21[m[K,
[2.133s]                  from [01m[K/opt/ros/galactic/include/rclcpp/rclcpp.hpp:156[m[K,
[2.134s]                  from [01m[K/home/agalvan-admin/ros2_ws/src/lambda_tm/src/lambda_force.cpp:17[m[K:
[2.134s] [01m[K/home/agalvan-admin/ros2_ws/src/lambda_tm/src/lambda_force.cpp:77:45:[m[K [01;35m[Kwarning: [m[Kformat ‘[01m[K%d[m[K’ expects argument of type ‘[01m[Kint[m[K’, but argument 11 has type ‘[01m[Kint*[m[K’ [[01;35m[K-Wformat=[m[K]
[2.134s]    77 |             RCLCPP_INFO(this->get_logger(), [01;35m[K"%d, %d, %d, %d, %d, %d, %d"[m[K, &fx, &fy, &fz, &tx, &ty, &tz, [32m[K&f[m[K);
[2.134s]       |                                             [01;35m[K^~~~~~~~~~~~~~~~~~~~~~~~~~~~[m[K                                [32m[K~~[m[K
[2.134s]       |                                                                                                         [32m[K|[m[K
[2.134s]       |                                                                                                         [32m[Kint*[m[K
[2.134s] [01m[K/home/agalvan-admin/ros2_ws/src/lambda_tm/src/lambda_force.cpp:77:71:[m[K [01;36m[Knote: [m[Kformat string is defined here
[2.134s]    77 |             RCLCPP_INFO(this->get_logger(), "%d, %d, %d, %d, %d, %d, [01;36m[K%d[m[K", &fx, &fy, &fz, &tx, &ty, &tz, &f);
[2.135s]       |                                                                      [01;36m[K~^[m[K
[2.135s]       |                                                                       [01;36m[K|[m[K
[2.135s]       |                                                                       [01;36m[Kint[m[K
[2.135s]       |                                                                      [32m[K%n[m[K
[2.135s] [01m[K/home/agalvan-admin/ros2_ws/src/lambda_tm/src/lambda_force.cpp:62:14:[m[K [01;35m[Kwarning: [m[Kunused variable ‘[01m[Kb[m[K’ [[01;35m[K-Wunused-variable[m[K]
[2.135s]    62 |         uint [01;35m[Kb[m[K;
[2.135s]       |              [01;35m[K^[m[K
[3.529s] make[2]: *** [CMakeFiles/lambda_force.dir/build.make:63: CMakeFiles/lambda_force.dir/src/lambda_force.cpp.o] Error 1
[3.530s] make[1]: *** [CMakeFiles/Makefile2:80: CMakeFiles/lambda_force.dir/all] Error 2
[3.531s] make: *** [Makefile:141: all] Error 2
[3.536s] Invoked command in '/home/agalvan-admin/ros2_ws/build/lambda_tm' returned '2': CMAKE_PREFIX_PATH=${CMAKE_PREFIX_PATH}:/opt/ros/galactic /usr/bin/cmake --build /home/agalvan-admin/ros2_ws/build/lambda_tm -- -j8 -l8
