-- The C compiler identification is GNU 9.4.0
-- The CXX compiler identification is GNU 9.4.0
-- Check for working C compiler: /usr/bin/cc
-- Check for working C compiler: /usr/bin/cc -- works
-- Detecting C compiler ABI info
-- Detecting C compiler ABI info - done
-- Detecting C compile features
-- Detecting C compile features - done
-- Check for working CXX compiler: /usr/bin/c++
-- Check for working CXX compiler: /usr/bin/c++ -- works
-- Detecting CXX compiler ABI info
-- Detecting CXX compiler ABI info - done
-- Detecting CXX compile features
-- Detecting CXX compile features - done
-- Found ament_cmake: 1.1.6 (/opt/ros/galactic/share/ament_cmake/cmake)
-- Found PythonInterp: /usr/bin/python3 (found suitable version "3.8.10", minimum required is "3") 
-- Using PYTHON_EXECUTABLE: /usr/bin/python3
-- Found rclcpp: 9.2.2 (/opt/ros/galactic/share/rclcpp/cmake)
-- Using all available rosidl_typesupport_c: rosidl_typesupport_fastrtps_c;rosidl_typesupport_introspection_c
-- Found rosidl_adapter: 2.2.3 (/opt/ros/galactic/share/rosidl_adapter/cmake)
-- Found OpenSSL: /usr/lib/x86_64-linux-gnu/libcrypto.so (found version "1.1.1f")  
-- Found FastRTPS: /opt/ros/galactic/include  
-- Using all available rosidl_typesupport_cpp: rosidl_typesupport_fastrtps_cpp;rosidl_typesupport_introspection_cpp
-- Found rmw_implementation_cmake: 3.3.1 (/opt/ros/galactic/share/rmw_implementation_cmake/cmake)
-- Found rmw_cyclonedds_cpp: 0.22.6 (/opt/ros/galactic/share/rmw_cyclonedds_cpp/cmake)
-- Using RMW implementation 'rmw_cyclonedds_cpp' as default
-- Looking for pthread.h
-- Looking for pthread.h - found
-- Performing Test CMAKE_HAVE_LIBC_PTHREAD
-- Performing Test CMAKE_HAVE_LIBC_PTHREAD - Failed
-- Looking for pthread_create in pthreads
-- Looking for pthread_create in pthreads - not found
-- Looking for pthread_create in pthread
-- Looking for pthread_create in pthread - found
-- Found Threads: TRUE  
-- Found geometry_msgs: 2.2.4 (/opt/ros/galactic/share/geometry_msgs/cmake)
-- Found PkgConfig: /usr/bin/pkg-config (found version "0.29.1") 
-- Checking for module 'libusb-1.0'
--   Found libusb-1.0, version 1.0.23
-- Found ament_lint_auto: 0.10.7 (/opt/ros/galactic/share/ament_lint_auto/cmake)
-- Added test 'copyright' to check source files copyright and LICENSE
-- Added test 'cppcheck' to perform static code analysis on C / C++ code
-- Configured cppcheck include dirs: 
-- Configured cppcheck exclude dirs and/or files: 
-- Added test 'cpplint' to check C / C++ code against the Google style
-- Configured cpplint exclude dirs and/or files: 
-- Added test 'lint_cmake' to check CMake code style
-- Added test 'uncrustify' to check C / C++ code style
-- Configured uncrustify additional arguments: 
-- Added test 'xmllint' to check XML markup files
-- Configuring done
-- Generating done
-- Build files have been written to: /home/agalvan-admin/ros2_ws/build/lambda_tm
[35m[1mScanning dependencies of target lambda_publisher[0m
[ 50%] [32mBuilding CXX object CMakeFiles/lambda_publisher.dir/src/lambda_publisher.cpp.o[0m
[100%] [32m[1mLinking CXX executable lambda_publisher[0m
[100%] Built target lambda_publisher
-- Install configuration: ""
-- Installing: /home/agalvan-admin/ros2_ws/install/lambda_tm/lib/lambda_tm/lambda_publisher
-- Set runtime path of "/home/agalvan-admin/ros2_ws/install/lambda_tm/lib/lambda_tm/lambda_publisher" to ""
-- Up-to-date: /home/agalvan-admin/ros2_ws/install/lambda_tm/share/lambda_tm//launch
-- Up-to-date: /home/agalvan-admin/ros2_ws/install/lambda_tm/share/lambda_tm//launch/lambda_tm.launch.xml
-- Installing: /home/agalvan-admin/ros2_ws/install/lambda_tm/share/ament_index/resource_index/package_run_dependencies/lambda_tm
-- Installing: /home/agalvan-admin/ros2_ws/install/lambda_tm/share/ament_index/resource_index/parent_prefix_path/lambda_tm
-- Up-to-date: /home/agalvan-admin/ros2_ws/install/lambda_tm/share/lambda_tm/environment/ament_prefix_path.sh
-- Installing: /home/agalvan-admin/ros2_ws/install/lambda_tm/share/lambda_tm/environment/ament_prefix_path.dsv
-- Up-to-date: /home/agalvan-admin/ros2_ws/install/lambda_tm/share/lambda_tm/environment/path.sh
-- Installing: /home/agalvan-admin/ros2_ws/install/lambda_tm/share/lambda_tm/environment/path.dsv
-- Installing: /home/agalvan-admin/ros2_ws/install/lambda_tm/share/lambda_tm/local_setup.bash
-- Installing: /home/agalvan-admin/ros2_ws/install/lambda_tm/share/lambda_tm/local_setup.sh
-- Installing: /home/agalvan-admin/ros2_ws/install/lambda_tm/share/lambda_tm/local_setup.zsh
-- Installing: /home/agalvan-admin/ros2_ws/install/lambda_tm/share/lambda_tm/local_setup.dsv
-- Installing: /home/agalvan-admin/ros2_ws/install/lambda_tm/share/lambda_tm/package.dsv
-- Installing: /home/agalvan-admin/ros2_ws/install/lambda_tm/share/ament_index/resource_index/packages/lambda_tm
-- Installing: /home/agalvan-admin/ros2_ws/install/lambda_tm/share/lambda_tm/cmake/lambda_tmConfig.cmake
-- Installing: /home/agalvan-admin/ros2_ws/install/lambda_tm/share/lambda_tm/cmake/lambda_tmConfig-version.cmake
-- Up-to-date: /home/agalvan-admin/ros2_ws/install/lambda_tm/share/lambda_tm/package.xml
