[0.183s] Invoking command in '/home/agalvan-admin/ros2_ws/build/lambda_tm': CMAKE_PREFIX_PATH=/opt/ros/galactic /usr/bin/cmake /home/agalvan-admin/ros2_ws/src/lambda_tm -DCMAKE_CXX_STANDARD_LIBRARIES=-lusb-1.0 -DCMAKE_INSTALL_PREFIX=/home/agalvan-admin/ros2_ws/install/lambda_tm
[0.305s] -- The C compiler identification is GNU 9.4.0
[0.392s] -- The CXX compiler identification is GNU 9.4.0
[0.402s] -- Check for working C compiler: /usr/bin/cc
[0.525s] -- Check for working C compiler: /usr/bin/cc -- works
[0.526s] -- Detecting C compiler ABI info
[0.652s] -- Detecting C compiler ABI info - done
[0.667s] -- Detecting C compile features
[0.667s] -- Detecting C compile features - done
[0.669s] -- Check for working CXX compiler: /usr/bin/c++
[0.821s] -- Check for working CXX compiler: /usr/bin/c++ -- works
[0.822s] -- Detecting CXX compiler ABI info
[0.975s] -- Detecting CXX compiler ABI info - done
[0.986s] -- Detecting CXX compile features
[0.986s] -- Detecting CXX compile features - done
[0.988s] -- Found ament_cmake: 1.1.6 (/opt/ros/galactic/share/ament_cmake/cmake)
[1.029s] -- Found PythonInterp: /usr/bin/python3 (found suitable version "3.8.10", minimum required is "3") 
[1.029s] -- Using PYTHON_EXECUTABLE: /usr/bin/python3
[1.121s] -- Found rclcpp: 9.2.2 (/opt/ros/galactic/share/rclcpp/cmake)
[1.162s] -- Using all available rosidl_typesupport_c: rosidl_typesupport_fastrtps_c;rosidl_typesupport_introspection_c
[1.167s] -- Found rosidl_adapter: 2.2.3 (/opt/ros/galactic/share/rosidl_adapter/cmake)
[1.305s] -- Found OpenSSL: /usr/lib/x86_64-linux-gnu/libcrypto.so (found version "1.1.1f")  
[1.346s] -- Found FastRTPS: /opt/ros/galactic/include  
[1.445s] -- Using all available rosidl_typesupport_cpp: rosidl_typesupport_fastrtps_cpp;rosidl_typesupport_introspection_cpp
[1.497s] -- Found rmw_implementation_cmake: 3.3.1 (/opt/ros/galactic/share/rmw_implementation_cmake/cmake)
[1.499s] -- Found rmw_cyclonedds_cpp: 0.22.6 (/opt/ros/galactic/share/rmw_cyclonedds_cpp/cmake)
[1.516s] -- Using RMW implementation 'rmw_cyclonedds_cpp' as default
[1.517s] -- Looking for pthread.h
[1.638s] -- Looking for pthread.h - found
[1.638s] -- Performing Test CMAKE_HAVE_LIBC_PTHREAD
[1.791s] -- Performing Test CMAKE_HAVE_LIBC_PTHREAD - Failed
[1.792s] -- Looking for pthread_create in pthreads
[1.942s] -- Looking for pthread_create in pthreads - not found
[1.943s] -- Looking for pthread_create in pthread
[2.108s] -- Looking for pthread_create in pthread - found
[2.109s] -- Found Threads: TRUE  
[2.275s] -- Found geometry_msgs: 2.2.4 (/opt/ros/galactic/share/geometry_msgs/cmake)
[2.319s] -- Found PkgConfig: /usr/bin/pkg-config (found version "0.29.1") 
[2.319s] -- Checking for module 'libusb-1.0'
[2.359s] --   Found libusb-1.0, version 1.0.23
[2.453s] -- Found ament_lint_auto: 0.10.7 (/opt/ros/galactic/share/ament_lint_auto/cmake)
[2.554s] -- Added test 'copyright' to check source files copyright and LICENSE
[2.555s] -- Added test 'cppcheck' to perform static code analysis on C / C++ code
[2.556s] -- Configured cppcheck include dirs: 
[2.556s] -- Configured cppcheck exclude dirs and/or files: 
[2.557s] -- Added test 'cpplint' to check C / C++ code against the Google style
[2.557s] -- Configured cpplint exclude dirs and/or files: 
[2.558s] -- Added test 'lint_cmake' to check CMake code style
[2.559s] -- Added test 'uncrustify' to check C / C++ code style
[2.559s] -- Configured uncrustify additional arguments: 
[2.560s] -- Added test 'xmllint' to check XML markup files
[2.563s] -- Configuring done
[2.578s] -- Generating done
[2.578s] -- Build files have been written to: /home/agalvan-admin/ros2_ws/build/lambda_tm
[2.584s] Invoked command in '/home/agalvan-admin/ros2_ws/build/lambda_tm' returned '0': CMAKE_PREFIX_PATH=/opt/ros/galactic /usr/bin/cmake /home/agalvan-admin/ros2_ws/src/lambda_tm -DCMAKE_CXX_STANDARD_LIBRARIES=-lusb-1.0 -DCMAKE_INSTALL_PREFIX=/home/agalvan-admin/ros2_ws/install/lambda_tm
[2.589s] Invoking command in '/home/agalvan-admin/ros2_ws/build/lambda_tm': CMAKE_PREFIX_PATH=/opt/ros/galactic /usr/bin/cmake --build /home/agalvan-admin/ros2_ws/build/lambda_tm -- -j8 -l8
[2.659s] [35m[1mScanning dependencies of target lambda_publisher[0m
[2.701s] [ 50%] [32mBuilding CXX object CMakeFiles/lambda_publisher.dir/src/lambda_publisher.cpp.o[0m
[8.833s] [100%] [32m[1mLinking CXX executable lambda_publisher[0m
[9.092s] [100%] Built target lambda_publisher
[9.111s] Invoked command in '/home/agalvan-admin/ros2_ws/build/lambda_tm' returned '0': CMAKE_PREFIX_PATH=/opt/ros/galactic /usr/bin/cmake --build /home/agalvan-admin/ros2_ws/build/lambda_tm -- -j8 -l8
[9.217s] Invoking command in '/home/agalvan-admin/ros2_ws/build/lambda_tm': CMAKE_PREFIX_PATH=/opt/ros/galactic /usr/bin/cmake --install /home/agalvan-admin/ros2_ws/build/lambda_tm
[9.230s] -- Install configuration: ""
[9.230s] -- Installing: /home/agalvan-admin/ros2_ws/install/lambda_tm/lib/lambda_tm/lambda_publisher
[9.232s] -- Set runtime path of "/home/agalvan-admin/ros2_ws/install/lambda_tm/lib/lambda_tm/lambda_publisher" to ""
[9.232s] -- Up-to-date: /home/agalvan-admin/ros2_ws/install/lambda_tm/share/lambda_tm//launch
[9.232s] -- Up-to-date: /home/agalvan-admin/ros2_ws/install/lambda_tm/share/lambda_tm//launch/lambda_tm.launch.xml
[9.232s] -- Installing: /home/agalvan-admin/ros2_ws/install/lambda_tm/share/ament_index/resource_index/package_run_dependencies/lambda_tm
[9.232s] -- Installing: /home/agalvan-admin/ros2_ws/install/lambda_tm/share/ament_index/resource_index/parent_prefix_path/lambda_tm
[9.233s] -- Up-to-date: /home/agalvan-admin/ros2_ws/install/lambda_tm/share/lambda_tm/environment/ament_prefix_path.sh
[9.233s] -- Installing: /home/agalvan-admin/ros2_ws/install/lambda_tm/share/lambda_tm/environment/ament_prefix_path.dsv
[9.233s] -- Up-to-date: /home/agalvan-admin/ros2_ws/install/lambda_tm/share/lambda_tm/environment/path.sh
[9.233s] -- Installing: /home/agalvan-admin/ros2_ws/install/lambda_tm/share/lambda_tm/environment/path.dsv
[9.233s] -- Installing: /home/agalvan-admin/ros2_ws/install/lambda_tm/share/lambda_tm/local_setup.bash
[9.233s] -- Installing: /home/agalvan-admin/ros2_ws/install/lambda_tm/share/lambda_tm/local_setup.sh
[9.233s] -- Installing: /home/agalvan-admin/ros2_ws/install/lambda_tm/share/lambda_tm/local_setup.zsh
[9.233s] -- Installing: /home/agalvan-admin/ros2_ws/install/lambda_tm/share/lambda_tm/local_setup.dsv
[9.233s] -- Installing: /home/agalvan-admin/ros2_ws/install/lambda_tm/share/lambda_tm/package.dsv
[9.234s] -- Installing: /home/agalvan-admin/ros2_ws/install/lambda_tm/share/ament_index/resource_index/packages/lambda_tm
[9.234s] -- Installing: /home/agalvan-admin/ros2_ws/install/lambda_tm/share/lambda_tm/cmake/lambda_tmConfig.cmake
[9.234s] -- Installing: /home/agalvan-admin/ros2_ws/install/lambda_tm/share/lambda_tm/cmake/lambda_tmConfig-version.cmake
[9.234s] -- Up-to-date: /home/agalvan-admin/ros2_ws/install/lambda_tm/share/lambda_tm/package.xml
[9.236s] Invoked command in '/home/agalvan-admin/ros2_ws/build/lambda_tm' returned '0': CMAKE_PREFIX_PATH=/opt/ros/galactic /usr/bin/cmake --install /home/agalvan-admin/ros2_ws/build/lambda_tm
