[01m[K/home/agalvan-admin/ros2_ws/src/lambda_tm/src/lambda_force.cpp:[m[K In member function ‘[01m[Kvoid LambdaForce::handle_disconnection()[m[K’:
[01m[K/home/agalvan-admin/ros2_ws/src/lambda_tm/src/lambda_force.cpp:63:34:[m[K [01;31m[Kerror: [m[Kinvalid type argument of unary ‘[01m[K*[m[K’ (have ‘[01m[Kuint[m[K’ {aka ‘[01m[Kunsigned int[m[K’})
   63 |         dhdGetVelocityThreshold(*[01;31m[Kb[m[K);
      |                                  [01;31m[K^[m[K
In file included from [01m[K/opt/ros/galactic/include/rclcpp/client.hpp:40[m[K,
                 from [01m[K/opt/ros/galactic/include/rclcpp/callback_group.hpp:23[m[K,
                 from [01m[K/opt/ros/galactic/include/rclcpp/any_executable.hpp:20[m[K,
                 from [01m[K/opt/ros/galactic/include/rclcpp/memory_strategy.hpp:25[m[K,
                 from [01m[K/opt/ros/galactic/include/rclcpp/memory_strategies.hpp:18[m[K,
                 from [01m[K/opt/ros/galactic/include/rclcpp/executor_options.hpp:20[m[K,
                 from [01m[K/opt/ros/galactic/include/rclcpp/executor.hpp:36[m[K,
                 from [01m[K/opt/ros/galactic/include/rclcpp/executors/multi_threaded_executor.hpp:26[m[K,
                 from [01m[K/opt/ros/galactic/include/rclcpp/executors.hpp:21[m[K,
                 from [01m[K/opt/ros/galactic/include/rclcpp/rclcpp.hpp:156[m[K,
                 from [01m[K/home/agalvan-admin/ros2_ws/src/lambda_tm/src/lambda_force.cpp:17[m[K:
[01m[K/home/agalvan-admin/ros2_ws/src/lambda_tm/src/lambda_force.cpp:64:41:[m[K [01;31m[Kerror: [m[Kinvalid conversion from ‘[01m[Kuint[m[K’ {aka ‘[01m[Kunsigned int[m[K’} to ‘[01m[Kconst char*[m[K’ [[01;31m[K-fpermissive[m[K]
   64 |         RCLCPP_INFO(this->get_logger(), [01;31m[Kb[m[K);
      |                                         [01;31m[K^[m[K
      |                                         [01;31m[K|[m[K
      |                                         [01;31m[Kuint {aka unsigned int}[m[K
In file included from [01m[K/opt/ros/galactic/include/rmw/types.h:28[m[K,
                 from [01m[K/opt/ros/galactic/include/rcl/types.h:20[m[K,
                 from [01m[K/opt/ros/galactic/include/rcl/log_level.h:22[m[K,
                 from [01m[K/opt/ros/galactic/include/rcl/arguments.h:21[m[K,
                 from [01m[K/opt/ros/galactic/include/rcl/context.h:28[m[K,
                 from [01m[K/opt/ros/galactic/include/rcl/guard_condition.h:26[m[K,
                 from [01m[K/opt/ros/galactic/include/rclcpp/executor.hpp:30[m[K,
                 from [01m[K/opt/ros/galactic/include/rclcpp/executors/multi_threaded_executor.hpp:26[m[K,
                 from [01m[K/opt/ros/galactic/include/rclcpp/executors.hpp:21[m[K,
                 from [01m[K/opt/ros/galactic/include/rclcpp/rclcpp.hpp:156[m[K,
                 from [01m[K/home/agalvan-admin/ros2_ws/src/lambda_tm/src/lambda_force.cpp:17[m[K:
[01m[K/opt/ros/galactic/include/rcutils/logging.h:479:16:[m[K [01;36m[Knote: [m[K  initializing argument 4 of ‘[01m[Kvoid rcutils_log(const rcutils_log_location_t*, int, const char*, const char*, ...)[m[K’
  479 |   [01;36m[Kconst char * format[m[K,
      |   [01;36m[K~~~~~~~~~~~~~^~~~~~[m[K
make[2]: *** [CMakeFiles/lambda_force.dir/build.make:63: CMakeFiles/lambda_force.dir/src/lambda_force.cpp.o] Error 1
make[1]: *** [CMakeFiles/Makefile2:80: CMakeFiles/lambda_force.dir/all] Error 2
make: *** [Makefile:141: all] Error 2
