[8.133s] DEBUG:colcon:Command line arguments: ['/usr/bin/colcon', 'build']
[8.133s] DEBUG:colcon:Parsed command line arguments: Namespace(allow_overriding=[], ament_cmake_args=None, base_paths=['.'], build_base='build', catkin_cmake_args=None, catkin_skip_building_tests=False, cmake_args=None, cmake_clean_cache=False, cmake_clean_first=False, cmake_force_configure=False, cmake_target=None, cmake_target_skip_unavailable=False, continue_on_error=False, event_handlers=None, executor='parallel', ignore_user_meta=False, install_base='install', log_base=None, log_level=None, main=<bound method BuildVerb.main of <colcon_core.verb.build.BuildVerb object at 0x7fa0ecdf88b0>>, merge_install=False, metas=['./colcon.meta'], packages_above=None, packages_above_and_dependencies=None, packages_above_depth=None, packages_end=None, packages_ignore=None, packages_ignore_regex=None, packages_select=None, packages_select_build_failed=False, packages_select_by_dep=None, packages_select_regex=None, packages_select_test_failures=False, packages_skip=None, packages_skip_build_finished=False, packages_skip_by_dep=None, packages_skip_regex=None, packages_skip_test_passed=False, packages_skip_up_to=None, packages_start=None, packages_up_to=None, packages_up_to_regex=None, parallel_workers=8, paths=None, symlink_install=False, test_result_base=None, verb_extension=<colcon_core.verb.build.BuildVerb object at 0x7fa0ecdf88b0>, verb_name='build', verb_parser=<colcon_defaults.argument_parser.defaults.DefaultArgumentsDecorator object at 0x7fa0eca96700>)
[8.456s] Level 1:colcon.colcon_core.package_discovery:discover_packages(colcon_meta) check parameters
[8.456s] Level 1:colcon.colcon_core.package_discovery:discover_packages(recursive) check parameters
[8.456s] Level 1:colcon.colcon_core.package_discovery:discover_packages(ignore) check parameters
[8.456s] Level 1:colcon.colcon_core.package_discovery:discover_packages(path) check parameters
[8.456s] Level 1:colcon.colcon_core.package_discovery:discover_packages(colcon_meta) discover
[8.456s] Level 1:colcon.colcon_core.package_discovery:discover_packages(recursive) discover
[8.456s] INFO:colcon.colcon_core.package_discovery:Crawling recursively for packages in '/home/agalvan-admin/ros2_ws'
[8.456s] Level 1:colcon.colcon_core.package_identification:_identify(.) by extensions ['ignore', 'ignore_ament_install']
[8.456s] Level 1:colcon.colcon_core.package_identification:_identify(.) by extension 'ignore'
[8.456s] Level 1:colcon.colcon_core.package_identification:_identify(.) by extension 'ignore_ament_install'
[8.456s] Level 1:colcon.colcon_core.package_identification:_identify(.) by extensions ['colcon_pkg']
[8.456s] Level 1:colcon.colcon_core.package_identification:_identify(.) by extension 'colcon_pkg'
[8.456s] Level 1:colcon.colcon_core.package_identification:_identify(.) by extensions ['colcon_meta']
[8.456s] Level 1:colcon.colcon_core.package_identification:_identify(.) by extension 'colcon_meta'
[8.456s] Level 1:colcon.colcon_core.package_identification:_identify(.) by extensions ['ros']
[8.456s] Level 1:colcon.colcon_core.package_identification:_identify(.) by extension 'ros'
[8.466s] Level 1:colcon.colcon_core.package_identification:_identify(.) by extensions ['cmake', 'python']
[8.466s] Level 1:colcon.colcon_core.package_identification:_identify(.) by extension 'cmake'
[8.466s] Level 1:colcon.colcon_core.package_identification:_identify(.) by extension 'python'
[8.466s] Level 1:colcon.colcon_core.package_identification:_identify(.) by extensions ['python_setup_py']
[8.466s] Level 1:colcon.colcon_core.package_identification:_identify(.) by extension 'python_setup_py'
[8.466s] Level 1:colcon.colcon_core.package_identification:_identify(build) by extensions ['ignore', 'ignore_ament_install']
[8.466s] Level 1:colcon.colcon_core.package_identification:_identify(build) by extension 'ignore'
[8.466s] Level 1:colcon.colcon_core.package_identification:_identify(build) ignored
[8.466s] Level 1:colcon.colcon_core.package_identification:_identify(install) by extensions ['ignore', 'ignore_ament_install']
[8.466s] Level 1:colcon.colcon_core.package_identification:_identify(install) by extension 'ignore'
[8.466s] Level 1:colcon.colcon_core.package_identification:_identify(install) ignored
[8.466s] Level 1:colcon.colcon_core.package_identification:_identify(log) by extensions ['ignore', 'ignore_ament_install']
[8.466s] Level 1:colcon.colcon_core.package_identification:_identify(log) by extension 'ignore'
[8.466s] Level 1:colcon.colcon_core.package_identification:_identify(log) ignored
[8.466s] Level 1:colcon.colcon_core.package_identification:_identify(src) by extensions ['ignore', 'ignore_ament_install']
[8.467s] Level 1:colcon.colcon_core.package_identification:_identify(src) by extension 'ignore'
[8.467s] Level 1:colcon.colcon_core.package_identification:_identify(src) by extension 'ignore_ament_install'
[8.467s] Level 1:colcon.colcon_core.package_identification:_identify(src) by extensions ['colcon_pkg']
[8.467s] Level 1:colcon.colcon_core.package_identification:_identify(src) by extension 'colcon_pkg'
[8.467s] Level 1:colcon.colcon_core.package_identification:_identify(src) by extensions ['colcon_meta']
[8.467s] Level 1:colcon.colcon_core.package_identification:_identify(src) by extension 'colcon_meta'
[8.467s] Level 1:colcon.colcon_core.package_identification:_identify(src) by extensions ['ros']
[8.467s] Level 1:colcon.colcon_core.package_identification:_identify(src) by extension 'ros'
[8.467s] Level 1:colcon.colcon_core.package_identification:_identify(src) by extensions ['cmake', 'python']
[8.467s] Level 1:colcon.colcon_core.package_identification:_identify(src) by extension 'cmake'
[8.467s] Level 1:colcon.colcon_core.package_identification:_identify(src) by extension 'python'
[8.467s] Level 1:colcon.colcon_core.package_identification:_identify(src) by extensions ['python_setup_py']
[8.467s] Level 1:colcon.colcon_core.package_identification:_identify(src) by extension 'python_setup_py'
[8.467s] Level 1:colcon.colcon_core.package_identification:_identify(src/lambda_tm) by extensions ['ignore', 'ignore_ament_install']
[8.467s] Level 1:colcon.colcon_core.package_identification:_identify(src/lambda_tm) by extension 'ignore'
[8.467s] Level 1:colcon.colcon_core.package_identification:_identify(src/lambda_tm) by extension 'ignore_ament_install'
[8.467s] Level 1:colcon.colcon_core.package_identification:_identify(src/lambda_tm) by extensions ['colcon_pkg']
[8.467s] Level 1:colcon.colcon_core.package_identification:_identify(src/lambda_tm) by extension 'colcon_pkg'
[8.467s] Level 1:colcon.colcon_core.package_identification:_identify(src/lambda_tm) by extensions ['colcon_meta']
[8.467s] Level 1:colcon.colcon_core.package_identification:_identify(src/lambda_tm) by extension 'colcon_meta'
[8.467s] Level 1:colcon.colcon_core.package_identification:_identify(src/lambda_tm) by extensions ['ros']
[8.467s] Level 1:colcon.colcon_core.package_identification:_identify(src/lambda_tm) by extension 'ros'
[8.470s] DEBUG:colcon.colcon_core.package_identification:Package 'src/lambda_tm' with type 'ros.ament_cmake' and name 'lambda_tm'
[8.470s] Level 1:colcon.colcon_core.package_discovery:discover_packages(recursive) using defaults
[8.470s] Level 1:colcon.colcon_core.package_discovery:discover_packages(ignore) discover
[8.470s] Level 1:colcon.colcon_core.package_discovery:discover_packages(ignore) using defaults
[8.470s] Level 1:colcon.colcon_core.package_discovery:discover_packages(path) discover
[8.470s] Level 1:colcon.colcon_core.package_discovery:discover_packages(path) using defaults
[9.218s] Level 1:colcon.colcon_core.package_discovery:discover_packages(prefix_path) check parameters
[9.218s] Level 1:colcon.colcon_core.package_discovery:discover_packages(prefix_path) discover
[9.513s] DEBUG:colcon.colcon_installed_package_information.package_discovery:Found 2 installed packages in /home/agalvan-admin/ros2_ws/install
[9.662s] DEBUG:colcon.colcon_installed_package_information.package_discovery:Found 278 installed packages in /opt/ros/galactic
[9.663s] Level 1:colcon.colcon_core.package_discovery:discover_packages(prefix_path) using defaults
[10.076s] Level 5:colcon.colcon_core.verb:set package 'lambda_tm' build argument 'cmake_args' from command line to 'None'
[10.077s] Level 5:colcon.colcon_core.verb:set package 'lambda_tm' build argument 'cmake_target' from command line to 'None'
[10.077s] Level 5:colcon.colcon_core.verb:set package 'lambda_tm' build argument 'cmake_target_skip_unavailable' from command line to 'False'
[10.077s] Level 5:colcon.colcon_core.verb:set package 'lambda_tm' build argument 'cmake_clean_cache' from command line to 'False'
[10.077s] Level 5:colcon.colcon_core.verb:set package 'lambda_tm' build argument 'cmake_clean_first' from command line to 'False'
[10.077s] Level 5:colcon.colcon_core.verb:set package 'lambda_tm' build argument 'cmake_force_configure' from command line to 'False'
[10.077s] Level 5:colcon.colcon_core.verb:set package 'lambda_tm' build argument 'ament_cmake_args' from command line to 'None'
[10.077s] Level 5:colcon.colcon_core.verb:set package 'lambda_tm' build argument 'catkin_cmake_args' from command line to 'None'
[10.077s] Level 5:colcon.colcon_core.verb:set package 'lambda_tm' build argument 'catkin_skip_building_tests' from command line to 'False'
[10.077s] DEBUG:colcon.colcon_core.verb:Building package 'lambda_tm' with the following arguments: {'ament_cmake_args': None, 'build_base': '/home/agalvan-admin/ros2_ws/build/lambda_tm', 'catkin_cmake_args': None, 'catkin_skip_building_tests': False, 'cmake_args': None, 'cmake_clean_cache': False, 'cmake_clean_first': False, 'cmake_force_configure': False, 'cmake_target': None, 'cmake_target_skip_unavailable': False, 'install_base': '/home/agalvan-admin/ros2_ws/install/lambda_tm', 'merge_install': False, 'path': '/home/agalvan-admin/ros2_ws/src/lambda_tm', 'symlink_install': False, 'test_result_base': None}
[10.326s] INFO:colcon.colcon_core.executor:Executing jobs using 'parallel' executor
[10.489s] DEBUG:colcon.colcon_parallel_executor.executor.parallel:run_until_complete
[10.489s] INFO:colcon.colcon_ros.task.ament_cmake.build:Building ROS package in '/home/agalvan-admin/ros2_ws/src/lambda_tm' with build type 'ament_cmake'
[10.489s] INFO:colcon.colcon_cmake.task.cmake.build:Building CMake package in '/home/agalvan-admin/ros2_ws/src/lambda_tm'
[10.709s] INFO:colcon.colcon_core.plugin_system:Skipping extension 'colcon_core.shell.bat': Not used on non-Windows systems
[10.709s] INFO:colcon.colcon_core.shell:Skip shell extension 'powershell' for command environment: Not usable outside of PowerShell
[10.709s] DEBUG:colcon.colcon_core.shell:Skip shell extension 'dsv' for command environment
[11.195s] DEBUG:colcon.colcon_core.event_handler.log_command:Invoking command in '/home/agalvan-admin/ros2_ws/build/lambda_tm': CMAKE_PREFIX_PATH=${CMAKE_PREFIX_PATH}:/opt/ros/galactic /usr/bin/cmake --build /home/agalvan-admin/ros2_ws/build/lambda_tm -- -j8 -l8
[14.461s] DEBUG:colcon.colcon_core.event_handler.log_command:Invoked command in '/home/agalvan-admin/ros2_ws/build/lambda_tm' returned '2': CMAKE_PREFIX_PATH=${CMAKE_PREFIX_PATH}:/opt/ros/galactic /usr/bin/cmake --build /home/agalvan-admin/ros2_ws/build/lambda_tm -- -j8 -l8
[14.709s] Level 1:colcon.colcon_core.environment:create_environment_scripts_only(lambda_tm)
[14.863s] Level 1:colcon.colcon_core.environment:checking '/home/agalvan-admin/ros2_ws/install/lambda_tm' for CMake module files
[14.864s] Level 1:colcon.colcon_core.environment:checking '/home/agalvan-admin/ros2_ws/install/lambda_tm' for CMake config files
[14.864s] Level 1:colcon.colcon_core.shell:create_environment_hook('lambda_tm', 'cmake_prefix_path')
[15.023s] INFO:colcon.colcon_core.shell:Creating environment hook '/home/agalvan-admin/ros2_ws/install/lambda_tm/share/lambda_tm/hook/cmake_prefix_path.ps1'
[15.023s] INFO:colcon.colcon_core.shell:Creating environment descriptor '/home/agalvan-admin/ros2_ws/install/lambda_tm/share/lambda_tm/hook/cmake_prefix_path.dsv'
[15.024s] INFO:colcon.colcon_core.shell:Creating environment hook '/home/agalvan-admin/ros2_ws/install/lambda_tm/share/lambda_tm/hook/cmake_prefix_path.sh'
[15.024s] Level 1:colcon.colcon_core.environment:checking '/home/agalvan-admin/ros2_ws/install/lambda_tm/lib'
[15.025s] Level 1:colcon.colcon_core.environment:checking '/home/agalvan-admin/ros2_ws/install/lambda_tm/bin'
[15.025s] Level 1:colcon.colcon_core.environment:checking '/home/agalvan-admin/ros2_ws/install/lambda_tm/lib/pkgconfig/lambda_tm.pc'
[15.025s] Level 1:colcon.colcon_core.environment:checking '/home/agalvan-admin/ros2_ws/install/lambda_tm/lib/python3.8/site-packages'
[15.025s] Level 1:colcon.colcon_core.environment:checking '/home/agalvan-admin/ros2_ws/install/lambda_tm/bin'
[15.200s] INFO:colcon.colcon_core.shell:Creating package script '/home/agalvan-admin/ros2_ws/install/lambda_tm/share/lambda_tm/package.ps1'
[15.201s] INFO:colcon.colcon_core.shell:Creating package descriptor '/home/agalvan-admin/ros2_ws/install/lambda_tm/share/lambda_tm/package.dsv'
[15.201s] INFO:colcon.colcon_core.shell:Creating package script '/home/agalvan-admin/ros2_ws/install/lambda_tm/share/lambda_tm/package.sh'
[15.202s] INFO:colcon.colcon_core.shell:Creating package script '/home/agalvan-admin/ros2_ws/install/lambda_tm/share/lambda_tm/package.bash'
[15.203s] INFO:colcon.colcon_core.shell:Creating package script '/home/agalvan-admin/ros2_ws/install/lambda_tm/share/lambda_tm/package.zsh'
[15.203s] Level 1:colcon.colcon_core.environment:create_file_with_runtime_dependencies(/home/agalvan-admin/ros2_ws/install/lambda_tm/share/colcon-core/packages/lambda_tm)
[15.214s] DEBUG:colcon.colcon_parallel_executor.executor.parallel:closing loop
[15.214s] DEBUG:colcon.colcon_parallel_executor.executor.parallel:loop closed
[15.214s] DEBUG:colcon.colcon_parallel_executor.executor.parallel:run_until_complete finished with '2'
[15.214s] DEBUG:colcon.colcon_core.event_reactor:joining thread
[15.445s] INFO:colcon.colcon_core.plugin_system:Skipping extension 'colcon_notification.desktop_notification.terminal_notifier': Not used on non-Darwin systems
[15.445s] INFO:colcon.colcon_core.plugin_system:Skipping extension 'colcon_notification.desktop_notification.win32': Not used on non-Windows systems
[15.445s] INFO:colcon.colcon_notification.desktop_notification:Sending desktop notification using 'notify2'
[15.463s] DEBUG:colcon.colcon_core.event_reactor:joined thread
[15.648s] INFO:colcon.colcon_core.shell:Creating prefix script '/home/agalvan-admin/ros2_ws/install/local_setup.ps1'
[15.649s] INFO:colcon.colcon_core.shell:Creating prefix util module '/home/agalvan-admin/ros2_ws/install/_local_setup_util_ps1.py'
[15.651s] INFO:colcon.colcon_core.shell:Creating prefix chain script '/home/agalvan-admin/ros2_ws/install/setup.ps1'
[15.806s] INFO:colcon.colcon_core.shell:Creating prefix script '/home/agalvan-admin/ros2_ws/install/local_setup.sh'
[15.807s] INFO:colcon.colcon_core.shell:Creating prefix util module '/home/agalvan-admin/ros2_ws/install/_local_setup_util_sh.py'
[15.807s] INFO:colcon.colcon_core.shell:Creating prefix chain script '/home/agalvan-admin/ros2_ws/install/setup.sh'
[15.956s] INFO:colcon.colcon_core.shell:Creating prefix script '/home/agalvan-admin/ros2_ws/install/local_setup.bash'
[15.956s] INFO:colcon.colcon_core.shell:Creating prefix chain script '/home/agalvan-admin/ros2_ws/install/setup.bash'
[16.107s] INFO:colcon.colcon_core.shell:Creating prefix script '/home/agalvan-admin/ros2_ws/install/local_setup.zsh'
[16.107s] INFO:colcon.colcon_core.shell:Creating prefix chain script '/home/agalvan-admin/ros2_ws/install/setup.zsh'
