[35m[1mScanning dependencies of target lambda_force[0m
[ 50%] Built target lambda_publisher
[ 75%] [32mBuilding CXX object CMakeFiles/lambda_force.dir/src/lambda_force.cpp.o[0m
[01m[K/home/agalvan-admin/ros2_ws/src/lambda_tm/src/lambda_force.cpp:[m[K In member function ‘[01m[Kvoid LambdaForce::handle_disconnection()[m[K’:
[01m[K/home/agalvan-admin/ros2_ws/src/lambda_tm/src/lambda_force.cpp:62:14:[m[K [01;35m[Kwarning: [m[Kunused variable ‘[01m[Kb[m[K’ [[01;35m[K-Wunused-variable[m[K]
   62 |         uint [01;35m[Kb[m[K;
      |              [01;35m[K^[m[K
[01m[K/home/agalvan-admin/ros2_ws/src/lambda_tm/src/lambda_force.cpp:79:48:[m[K [01;35m[Kwarning: [m[K‘[01m[Kfx[m[K’ may be used uninitialized in this function [[01;35m[K-Wmaybe-uninitialized[m[K]
   79 |         if ([01;35m[KdhdSetForceAndTorqueAndGripperForce(fx, fy, fz, tx, ty, tz, f)[m[K == 0) {
      |             [01;35m[K~~~~~~~~~~~~~~~~~~~~~~~~~~~~~~~~~~~^~~~~~~~~~~~~~~~~~~~~~~~~~~[m[K
[01m[K/home/agalvan-admin/ros2_ws/src/lambda_tm/src/lambda_force.cpp:79:48:[m[K [01;35m[Kwarning: [m[K‘[01m[Kfy[m[K’ may be used uninitialized in this function [[01;35m[K-Wmaybe-uninitialized[m[K]
[01m[K/home/agalvan-admin/ros2_ws/src/lambda_tm/src/lambda_force.cpp:79:48:[m[K [01;35m[Kwarning: [m[K‘[01m[Kfz[m[K’ may be used uninitialized in this function [[01;35m[K-Wmaybe-uninitialized[m[K]
[01m[K/home/agalvan-admin/ros2_ws/src/lambda_tm/src/lambda_force.cpp:79:48:[m[K [01;35m[Kwarning: [m[K‘[01m[Ktx[m[K’ may be used uninitialized in this function [[01;35m[K-Wmaybe-uninitialized[m[K]
[01m[K/home/agalvan-admin/ros2_ws/src/lambda_tm/src/lambda_force.cpp:79:48:[m[K [01;35m[Kwarning: [m[K‘[01m[Kty[m[K’ may be used uninitialized in this function [[01;35m[K-Wmaybe-uninitialized[m[K]
[01m[K/home/agalvan-admin/ros2_ws/src/lambda_tm/src/lambda_force.cpp:79:48:[m[K [01;35m[Kwarning: [m[K‘[01m[Ktz[m[K’ may be used uninitialized in this function [[01;35m[K-Wmaybe-uninitialized[m[K]
[100%] [32m[1mLinking CXX executable lambda_force[0m
[100%] Built target lambda_force
-- Install configuration: ""
-- Up-to-date: /home/agalvan-admin/ros2_ws/install/lambda_tm/lib/lambda_tm/lambda_publisher
-- Installing: /home/agalvan-admin/ros2_ws/install/lambda_tm/lib/lambda_tm/lambda_force
-- Set runtime path of "/home/agalvan-admin/ros2_ws/install/lambda_tm/lib/lambda_tm/lambda_force" to ""
-- Up-to-date: /home/agalvan-admin/ros2_ws/install/lambda_tm/share/lambda_tm//launch
-- Up-to-date: /home/agalvan-admin/ros2_ws/install/lambda_tm/share/lambda_tm//launch/lambda_tm.launch.xml
-- Up-to-date: /home/agalvan-admin/ros2_ws/install/lambda_tm/share/ament_index/resource_index/package_run_dependencies/lambda_tm
-- Up-to-date: /home/agalvan-admin/ros2_ws/install/lambda_tm/share/ament_index/resource_index/parent_prefix_path/lambda_tm
-- Up-to-date: /home/agalvan-admin/ros2_ws/install/lambda_tm/share/lambda_tm/environment/ament_prefix_path.sh
-- Up-to-date: /home/agalvan-admin/ros2_ws/install/lambda_tm/share/lambda_tm/environment/ament_prefix_path.dsv
-- Up-to-date: /home/agalvan-admin/ros2_ws/install/lambda_tm/share/lambda_tm/environment/path.sh
-- Up-to-date: /home/agalvan-admin/ros2_ws/install/lambda_tm/share/lambda_tm/environment/path.dsv
-- Up-to-date: /home/agalvan-admin/ros2_ws/install/lambda_tm/share/lambda_tm/local_setup.bash
-- Up-to-date: /home/agalvan-admin/ros2_ws/install/lambda_tm/share/lambda_tm/local_setup.sh
-- Up-to-date: /home/agalvan-admin/ros2_ws/install/lambda_tm/share/lambda_tm/local_setup.zsh
-- Up-to-date: /home/agalvan-admin/ros2_ws/install/lambda_tm/share/lambda_tm/local_setup.dsv
-- Installing: /home/agalvan-admin/ros2_ws/install/lambda_tm/share/lambda_tm/package.dsv
-- Up-to-date: /home/agalvan-admin/ros2_ws/install/lambda_tm/share/ament_index/resource_index/packages/lambda_tm
-- Up-to-date: /home/agalvan-admin/ros2_ws/install/lambda_tm/share/lambda_tm/cmake/lambda_tmConfig.cmake
-- Up-to-date: /home/agalvan-admin/ros2_ws/install/lambda_tm/share/lambda_tm/cmake/lambda_tmConfig-version.cmake
-- Up-to-date: /home/agalvan-admin/ros2_ws/install/lambda_tm/share/lambda_tm/package.xml
