[0.198s] Invoking command in '/home/agalvan-admin/ros2_ws/build/lambda_tm': CMAKE_PREFIX_PATH=${CMAKE_PREFIX_PATH}:/opt/ros/galactic /usr/bin/cmake --build /home/agalvan-admin/ros2_ws/build/lambda_tm -- -j8 -l8
[0.359s] [100%] Built target lambda_publisher
[0.388s] Invoked command in '/home/agalvan-admin/ros2_ws/build/lambda_tm' returned '0': CMAKE_PREFIX_PATH=${CMAKE_PREFIX_PATH}:/opt/ros/galactic /usr/bin/cmake --build /home/agalvan-admin/ros2_ws/build/lambda_tm -- -j8 -l8
[0.498s] Invoking command in '/home/agalvan-admin/ros2_ws/build/lambda_tm': CMAKE_PREFIX_PATH=${CMAKE_PREFIX_PATH}:/opt/ros/galactic /usr/bin/cmake --install /home/agalvan-admin/ros2_ws/build/lambda_tm
[0.525s] -- Install configuration: ""
[0.525s] -- Up-to-date: /home/agalvan-admin/ros2_ws/install/lambda_tm/lib/lambda_tm/lambda_publisher
[0.525s] -- Up-to-date: /home/agalvan-admin/ros2_ws/install/lambda_tm/share/lambda_tm//launch
[0.525s] -- Up-to-date: /home/agalvan-admin/ros2_ws/install/lambda_tm/share/lambda_tm//launch/lambda_tm.launch.xml
[0.526s] -- Up-to-date: /home/agalvan-admin/ros2_ws/install/lambda_tm/share/ament_index/resource_index/package_run_dependencies/lambda_tm
[0.526s] -- Installing: /home/agalvan-admin/ros2_ws/install/lambda_tm/share/ament_index/resource_index/parent_prefix_path/lambda_tm
[0.526s] -- Up-to-date: /home/agalvan-admin/ros2_ws/install/lambda_tm/share/lambda_tm/environment/ament_prefix_path.sh
[0.526s] -- Installing: /home/agalvan-admin/ros2_ws/install/lambda_tm/share/lambda_tm/environment/ament_prefix_path.dsv
[0.526s] -- Up-to-date: /home/agalvan-admin/ros2_ws/install/lambda_tm/share/lambda_tm/environment/path.sh
[0.526s] -- Installing: /home/agalvan-admin/ros2_ws/install/lambda_tm/share/lambda_tm/environment/path.dsv
[0.526s] -- Up-to-date: /home/agalvan-admin/ros2_ws/install/lambda_tm/share/lambda_tm/local_setup.bash
[0.526s] -- Up-to-date: /home/agalvan-admin/ros2_ws/install/lambda_tm/share/lambda_tm/local_setup.sh
[0.526s] -- Up-to-date: /home/agalvan-admin/ros2_ws/install/lambda_tm/share/lambda_tm/local_setup.zsh
[0.526s] -- Installing: /home/agalvan-admin/ros2_ws/install/lambda_tm/share/lambda_tm/local_setup.dsv
[0.526s] -- Installing: /home/agalvan-admin/ros2_ws/install/lambda_tm/share/lambda_tm/package.dsv
[0.527s] -- Up-to-date: /home/agalvan-admin/ros2_ws/install/lambda_tm/share/ament_index/resource_index/packages/lambda_tm
[0.527s] -- Up-to-date: /home/agalvan-admin/ros2_ws/install/lambda_tm/share/lambda_tm/cmake/lambda_tmConfig.cmake
[0.527s] -- Up-to-date: /home/agalvan-admin/ros2_ws/install/lambda_tm/share/lambda_tm/cmake/lambda_tmConfig-version.cmake
[0.527s] -- Up-to-date: /home/agalvan-admin/ros2_ws/install/lambda_tm/share/lambda_tm/package.xml
[0.530s] Invoked command in '/home/agalvan-admin/ros2_ws/build/lambda_tm' returned '0': CMAKE_PREFIX_PATH=${CMAKE_PREFIX_PATH}:/opt/ros/galactic /usr/bin/cmake --install /home/agalvan-admin/ros2_ws/build/lambda_tm
