[0.264s] Invoking command in '/home/agalvan-admin/ros2_ws/build/lambda_tm': CMAKE_PREFIX_PATH=${CMAKE_PREFIX_PATH}:/opt/ros/galactic /usr/bin/cmake --build /home/agalvan-admin/ros2_ws/build/lambda_tm -- -j8 -l8
[0.356s] [35m[1mScanning dependencies of target lambda_force[0m
[0.400s] [ 50%] Built target lambda_publisher
[0.414s] [ 75%] [32mBuilding CXX object CMakeFiles/lambda_force.dir/src/lambda_force.cpp.o[0m
[2.118s] [01m[K/home/agalvan-admin/ros2_ws/src/lambda_tm/src/lambda_force.cpp:[m[K In member function ‘[01m[Kvoid LambdaForce::handle_disconnection()[m[K’:
[2.118s] [01m[K/home/agalvan-admin/ros2_ws/src/lambda_tm/src/lambda_force.cpp:76:36:[m[K [01;31m[Kerror: [m[Kcannot convert ‘[01m[Kint**[m[K’ to ‘[01m[Kuint*[m[K’ {aka ‘[01m[Kunsigned int*[m[K’}
[2.118s]    76 |         if(dhdGetVelocityThreshold([01;31m[K&fx[m[K, fy, fz, tx, ty, tz, f) == 0) {
[2.119s]       |                                    [01;31m[K^~~[m[K
[2.119s]       |                                    [01;31m[K|[m[K
[2.119s]       |                                    [01;31m[Kint**[m[K
[2.119s] In file included from [01m[K/home/agalvan-admin/ros2_ws/src/lambda_tm/src/lambda_force.cpp:22[m[K:
[2.119s] [01m[K/home/agalvan-admin/sdk-3.15.0/include/dhdc.h:307:75:[m[K [01;36m[Knote: [m[K  initializing argument 1 of ‘[01m[Kint dhdGetVelocityThreshold(uint*, char)[m[K’
[2.120s]   307 |   int         __SDK dhdGetVelocityThreshold                        ([01;36m[Kuint *val[m[K, char ID = -1);
[2.120s]       |                                                                     [01;36m[K~~~~~~^~~[m[K
[2.120s] In file included from [01m[K/opt/ros/galactic/include/rclcpp/client.hpp:40[m[K,
[2.120s]                  from [01m[K/opt/ros/galactic/include/rclcpp/callback_group.hpp:23[m[K,
[2.120s]                  from [01m[K/opt/ros/galactic/include/rclcpp/any_executable.hpp:20[m[K,
[2.121s]                  from [01m[K/opt/ros/galactic/include/rclcpp/memory_strategy.hpp:25[m[K,
[2.121s]                  from [01m[K/opt/ros/galactic/include/rclcpp/memory_strategies.hpp:18[m[K,
[2.121s]                  from [01m[K/opt/ros/galactic/include/rclcpp/executor_options.hpp:20[m[K,
[2.121s]                  from [01m[K/opt/ros/galactic/include/rclcpp/executor.hpp:36[m[K,
[2.121s]                  from [01m[K/opt/ros/galactic/include/rclcpp/executors/multi_threaded_executor.hpp:26[m[K,
[2.121s]                  from [01m[K/opt/ros/galactic/include/rclcpp/executors.hpp:21[m[K,
[2.122s]                  from [01m[K/opt/ros/galactic/include/rclcpp/rclcpp.hpp:156[m[K,
[2.122s]                  from [01m[K/home/agalvan-admin/ros2_ws/src/lambda_tm/src/lambda_force.cpp:17[m[K:
[2.122s] [01m[K/home/agalvan-admin/ros2_ws/src/lambda_tm/src/lambda_force.cpp:77:78:[m[K [01;31m[Kerror: [m[Kexpected primary-expression before ‘[01m[K,[m[K’ token
[2.122s]    77 |             RCLCPP_INFO(this->get_logger(), "%d, %d, %d, %d, %d, %d, %d", fx*[01;31m[K,[m[K fy*, fz*, tx*, ty*, tz*, f*);
[2.122s]       |                                                                              [01;31m[K^[m[K
[2.122s] [01m[K/home/agalvan-admin/ros2_ws/src/lambda_tm/src/lambda_force.cpp:77:83:[m[K [01;31m[Kerror: [m[Kexpected primary-expression before ‘[01m[K,[m[K’ token
[2.123s]    77 |             RCLCPP_INFO(this->get_logger(), "%d, %d, %d, %d, %d, %d, %d", fx*, fy*[01;31m[K,[m[K fz*, tx*, ty*, tz*, f*);
[2.123s]       |                                                                                   [01;31m[K^[m[K
[2.123s] [01m[K/home/agalvan-admin/ros2_ws/src/lambda_tm/src/lambda_force.cpp:77:88:[m[K [01;31m[Kerror: [m[Kexpected primary-expression before ‘[01m[K,[m[K’ token
[2.123s]    77 |             RCLCPP_INFO(this->get_logger(), "%d, %d, %d, %d, %d, %d, %d", fx*, fy*, fz*[01;31m[K,[m[K tx*, ty*, tz*, f*);
[2.123s]       |                                                                                        [01;31m[K^[m[K
[2.123s] [01m[K/home/agalvan-admin/ros2_ws/src/lambda_tm/src/lambda_force.cpp:77:93:[m[K [01;31m[Kerror: [m[Kexpected primary-expression before ‘[01m[K,[m[K’ token
[2.124s]    77 |             RCLCPP_INFO(this->get_logger(), "%d, %d, %d, %d, %d, %d, %d", fx*, fy*, fz*, tx*[01;31m[K,[m[K ty*, tz*, f*);
[2.124s]       |                                                                                             [01;31m[K^[m[K
[2.124s] [01m[K/home/agalvan-admin/ros2_ws/src/lambda_tm/src/lambda_force.cpp:77:98:[m[K [01;31m[Kerror: [m[Kexpected primary-expression before ‘[01m[K,[m[K’ token
[2.124s]    77 |             RCLCPP_INFO(this->get_logger(), "%d, %d, %d, %d, %d, %d, %d", fx*, fy*, fz*, tx*, ty*[01;31m[K,[m[K tz*, f*);
[2.124s]       |                                                                                                  [01;31m[K^[m[K
[2.124s] [01m[K/home/agalvan-admin/ros2_ws/src/lambda_tm/src/lambda_force.cpp:77:103:[m[K [01;31m[Kerror: [m[Kexpected primary-expression before ‘[01m[K,[m[K’ token
[2.125s]    77 |             RCLCPP_INFO(this->get_logger(), "%d, %d, %d, %d, %d, %d, %d", fx*, fy*, fz*, tx*, ty*, tz*[01;31m[K,[m[K f*);
[2.125s]       |                                                                                                       [01;31m[K^[m[K
[2.125s] [01m[K/home/agalvan-admin/ros2_ws/src/lambda_tm/src/lambda_force.cpp:77:13:[m[K [01;31m[Kerror: [m[Kexpected primary-expression before ‘[01m[K)[m[K’ token
[2.125s]    77 |             [01;31m[KRCLCPP_INFO[m[K(this->get_logger(), "%d, %d, %d, %d, %d, %d, %d", fx*, fy*, fz*, tx*, ty*, tz*, f*);
[2.125s]       |             [01;31m[K^~~~~~~~~~~[m[K
[2.125s] [01m[K/home/agalvan-admin/ros2_ws/src/lambda_tm/src/lambda_force.cpp:62:14:[m[K [01;35m[Kwarning: [m[Kunused variable ‘[01m[Kb[m[K’ [[01;35m[K-Wunused-variable[m[K]
[2.125s]    62 |         uint [01;35m[Kb[m[K;
[2.126s]       |              [01;35m[K^[m[K
[3.540s] make[2]: *** [CMakeFiles/lambda_force.dir/build.make:63: CMakeFiles/lambda_force.dir/src/lambda_force.cpp.o] Error 1
[3.541s] make[1]: *** [CMakeFiles/Makefile2:80: CMakeFiles/lambda_force.dir/all] Error 2
[3.541s] make: *** [Makefile:141: all] Error 2
[3.547s] Invoked command in '/home/agalvan-admin/ros2_ws/build/lambda_tm' returned '2': CMAKE_PREFIX_PATH=${CMAKE_PREFIX_PATH}:/opt/ros/galactic /usr/bin/cmake --build /home/agalvan-admin/ros2_ws/build/lambda_tm -- -j8 -l8
