[0.215s] Invoking command in '/home/agalvan-admin/ros2_ws/build/lambda_tm': CMAKE_PREFIX_PATH=/opt/ros/galactic /usr/bin/cmake --build /home/agalvan-admin/ros2_ws/build/lambda_tm -- -j8 -l8
[0.324s] [35m[1mScanning dependencies of target lambda_force[0m
[0.358s] [ 50%] Built target lambda_publisher
[0.366s] [ 75%] [32mBuilding CXX object CMakeFiles/lambda_force.dir/src/lambda_force.cpp.o[0m
[6.405s] [100%] [32m[1mLinking CXX executable lambda_force[0m
[6.775s] [100%] Built target lambda_force
[6.794s] Invoked command in '/home/agalvan-admin/ros2_ws/build/lambda_tm' returned '0': CMAKE_PREFIX_PATH=/opt/ros/galactic /usr/bin/cmake --build /home/agalvan-admin/ros2_ws/build/lambda_tm -- -j8 -l8
[6.919s] Invoking command in '/home/agalvan-admin/ros2_ws/build/lambda_tm': CMAKE_PREFIX_PATH=/opt/ros/galactic /usr/bin/cmake --install /home/agalvan-admin/ros2_ws/build/lambda_tm
[6.930s] -- Install configuration: ""
[6.930s] -- Up-to-date: /home/agalvan-admin/ros2_ws/install/lambda_tm/lib/lambda_tm/lambda_publisher
[6.930s] -- Installing: /home/agalvan-admin/ros2_ws/install/lambda_tm/lib/lambda_tm/lambda_force
[6.934s] -- Set runtime path of "/home/agalvan-admin/ros2_ws/install/lambda_tm/lib/lambda_tm/lambda_force" to ""
[6.934s] -- Up-to-date: /home/agalvan-admin/ros2_ws/install/lambda_tm/share/lambda_tm//launch
[6.934s] -- Up-to-date: /home/agalvan-admin/ros2_ws/install/lambda_tm/share/lambda_tm//launch/lambda_tm.launch.xml
[6.935s] -- Up-to-date: /home/agalvan-admin/ros2_ws/install/lambda_tm/share/ament_index/resource_index/package_run_dependencies/lambda_tm
[6.935s] -- Up-to-date: /home/agalvan-admin/ros2_ws/install/lambda_tm/share/ament_index/resource_index/parent_prefix_path/lambda_tm
[6.935s] -- Up-to-date: /home/agalvan-admin/ros2_ws/install/lambda_tm/share/lambda_tm/environment/ament_prefix_path.sh
[6.935s] -- Up-to-date: /home/agalvan-admin/ros2_ws/install/lambda_tm/share/lambda_tm/environment/ament_prefix_path.dsv
[6.936s] -- Up-to-date: /home/agalvan-admin/ros2_ws/install/lambda_tm/share/lambda_tm/environment/path.sh
[6.937s] -- Up-to-date: /home/agalvan-admin/ros2_ws/install/lambda_tm/share/lambda_tm/environment/path.dsv
[6.937s] -- Up-to-date: /home/agalvan-admin/ros2_ws/install/lambda_tm/share/lambda_tm/local_setup.bash
[6.937s] -- Up-to-date: /home/agalvan-admin/ros2_ws/install/lambda_tm/share/lambda_tm/local_setup.sh
[6.937s] -- Up-to-date: /home/agalvan-admin/ros2_ws/install/lambda_tm/share/lambda_tm/local_setup.zsh
[6.938s] -- Up-to-date: /home/agalvan-admin/ros2_ws/install/lambda_tm/share/lambda_tm/local_setup.dsv
[6.938s] -- Installing: /home/agalvan-admin/ros2_ws/install/lambda_tm/share/lambda_tm/package.dsv
[6.938s] -- Up-to-date: /home/agalvan-admin/ros2_ws/install/lambda_tm/share/ament_index/resource_index/packages/lambda_tm
[6.938s] -- Up-to-date: /home/agalvan-admin/ros2_ws/install/lambda_tm/share/lambda_tm/cmake/lambda_tmConfig.cmake
[6.938s] -- Up-to-date: /home/agalvan-admin/ros2_ws/install/lambda_tm/share/lambda_tm/cmake/lambda_tmConfig-version.cmake
[6.939s] -- Up-to-date: /home/agalvan-admin/ros2_ws/install/lambda_tm/share/lambda_tm/package.xml
[6.939s] Invoked command in '/home/agalvan-admin/ros2_ws/build/lambda_tm' returned '0': CMAKE_PREFIX_PATH=/opt/ros/galactic /usr/bin/cmake --install /home/agalvan-admin/ros2_ws/build/lambda_tm
