[0.266s] Invoking command in '/home/agalvan-admin/ros2_ws/build/lambda_tm': CMAKE_PREFIX_PATH=${CMAKE_PREFIX_PATH}:/opt/ros/galactic /usr/bin/cmake --build /home/agalvan-admin/ros2_ws/build/lambda_tm -- -j8 -l8
[0.366s] [35m[1mScanning dependencies of target lambda_force[0m
[0.408s] [ 50%] Built target lambda_publisher
[0.422s] [ 75%] [32mBuilding CXX object CMakeFiles/lambda_force.dir/src/lambda_force.cpp.o[0m
[2.137s] [01m[K/home/agalvan-admin/ros2_ws/src/lambda_tm/src/lambda_force.cpp:[m[K In member function ‘[01m[Kvoid LambdaForce::handle_disconnection()[m[K’:
[2.138s] [01m[K/home/agalvan-admin/ros2_ws/src/lambda_tm/src/lambda_force.cpp:76:39:[m[K [01;31m[Kerror: [m[Kexpected primary-expression before ‘[01m[K,[m[K’ token
[2.138s]    76 |         if(dhdGetVelocityThreshold(fx*[01;31m[K,[m[K fy*, fz*, tx*, ty*, tz*, f*) == 0) {
[2.138s]       |                                       [01;31m[K^[m[K
[2.138s] [01m[K/home/agalvan-admin/ros2_ws/src/lambda_tm/src/lambda_force.cpp:76:44:[m[K [01;31m[Kerror: [m[Kexpected primary-expression before ‘[01m[K,[m[K’ token
[2.138s]    76 |         if(dhdGetVelocityThreshold(fx*, fy*[01;31m[K,[m[K fz*, tx*, ty*, tz*, f*) == 0) {
[2.139s]       |                                            [01;31m[K^[m[K
[2.139s] [01m[K/home/agalvan-admin/ros2_ws/src/lambda_tm/src/lambda_force.cpp:76:49:[m[K [01;31m[Kerror: [m[Kexpected primary-expression before ‘[01m[K,[m[K’ token
[2.139s]    76 |         if(dhdGetVelocityThreshold(fx*, fy*, fz*[01;31m[K,[m[K tx*, ty*, tz*, f*) == 0) {
[2.139s]       |                                                 [01;31m[K^[m[K
[2.139s] [01m[K/home/agalvan-admin/ros2_ws/src/lambda_tm/src/lambda_force.cpp:76:54:[m[K [01;31m[Kerror: [m[Kexpected primary-expression before ‘[01m[K,[m[K’ token
[2.139s]    76 |         if(dhdGetVelocityThreshold(fx*, fy*, fz*, tx*[01;31m[K,[m[K ty*, tz*, f*) == 0) {
[2.139s]       |                                                      [01;31m[K^[m[K
[2.140s] [01m[K/home/agalvan-admin/ros2_ws/src/lambda_tm/src/lambda_force.cpp:76:59:[m[K [01;31m[Kerror: [m[Kexpected primary-expression before ‘[01m[K,[m[K’ token
[2.140s]    76 |         if(dhdGetVelocityThreshold(fx*, fy*, fz*, tx*, ty*[01;31m[K,[m[K tz*, f*) == 0) {
[2.140s]       |                                                           [01;31m[K^[m[K
[2.140s] [01m[K/home/agalvan-admin/ros2_ws/src/lambda_tm/src/lambda_force.cpp:76:64:[m[K [01;31m[Kerror: [m[Kexpected primary-expression before ‘[01m[K,[m[K’ token
[2.140s]    76 |         if(dhdGetVelocityThreshold(fx*, fy*, fz*, tx*, ty*, tz*[01;31m[K,[m[K f*) == 0) {
[2.140s]       |                                                                [01;31m[K^[m[K
[2.141s] [01m[K/home/agalvan-admin/ros2_ws/src/lambda_tm/src/lambda_force.cpp:76:68:[m[K [01;31m[Kerror: [m[Kexpected primary-expression before ‘[01m[K)[m[K’ token
[2.141s]    76 |         if(dhdGetVelocityThreshold(fx*, fy*, fz*, tx*, ty*, tz*, f*[01;31m[K)[m[K == 0) {
[2.141s]       |                                                                    [01;31m[K^[m[K
[2.141s] In file included from [01m[K/opt/ros/galactic/include/rclcpp/client.hpp:40[m[K,
[2.141s]                  from [01m[K/opt/ros/galactic/include/rclcpp/callback_group.hpp:23[m[K,
[2.141s]                  from [01m[K/opt/ros/galactic/include/rclcpp/any_executable.hpp:20[m[K,
[2.141s]                  from [01m[K/opt/ros/galactic/include/rclcpp/memory_strategy.hpp:25[m[K,
[2.142s]                  from [01m[K/opt/ros/galactic/include/rclcpp/memory_strategies.hpp:18[m[K,
[2.142s]                  from [01m[K/opt/ros/galactic/include/rclcpp/executor_options.hpp:20[m[K,
[2.142s]                  from [01m[K/opt/ros/galactic/include/rclcpp/executor.hpp:36[m[K,
[2.142s]                  from [01m[K/opt/ros/galactic/include/rclcpp/executors/multi_threaded_executor.hpp:26[m[K,
[2.142s]                  from [01m[K/opt/ros/galactic/include/rclcpp/executors.hpp:21[m[K,
[2.142s]                  from [01m[K/opt/ros/galactic/include/rclcpp/rclcpp.hpp:156[m[K,
[2.143s]                  from [01m[K/home/agalvan-admin/ros2_ws/src/lambda_tm/src/lambda_force.cpp:17[m[K:
[2.143s] [01m[K/home/agalvan-admin/ros2_ws/src/lambda_tm/src/lambda_force.cpp:77:45:[m[K [01;35m[Kwarning: [m[Kformat ‘[01m[K%d[m[K’ expects argument of type ‘[01m[Kint[m[K’, but argument 5 has type ‘[01m[Kint*[m[K’ [[01;35m[K-Wformat=[m[K]
[2.143s]    77 |             RCLCPP_INFO(this->get_logger(), [01;35m[K"%d, %d, %d, %d, %d, %d, %d"[m[K, [32m[Kfx[m[K, fy, fz, tx, ty, tz, f);
[2.143s]       |                                             [01;35m[K^~~~~~~~~~~~~~~~~~~~~~~~~~~~[m[K  [32m[K~~[m[K
[2.143s]       |                                                                           [32m[K|[m[K
[2.143s]       |                                                                           [32m[Kint*[m[K
[2.144s] [01m[K/home/agalvan-admin/ros2_ws/src/lambda_tm/src/lambda_force.cpp:77:47:[m[K [01;36m[Knote: [m[Kformat string is defined here
[2.144s]    77 |             RCLCPP_INFO(this->get_logger(), "[01;36m[K%d[m[K, %d, %d, %d, %d, %d, %d", fx, fy, fz, tx, ty, tz, f);
[2.144s]       |                                              [01;36m[K~^[m[K
[2.144s]       |                                               [01;36m[K|[m[K
[2.144s]       |                                               [01;36m[Kint[m[K
[2.144s]       |                                              [32m[K%n[m[K
[2.145s] [01m[K/home/agalvan-admin/ros2_ws/src/lambda_tm/src/lambda_force.cpp:62:14:[m[K [01;35m[Kwarning: [m[Kunused variable ‘[01m[Kb[m[K’ [[01;35m[K-Wunused-variable[m[K]
[2.145s]    62 |         uint [01;35m[Kb[m[K;
[2.145s]       |              [01;35m[K^[m[K
[3.554s] make[2]: *** [CMakeFiles/lambda_force.dir/build.make:63: CMakeFiles/lambda_force.dir/src/lambda_force.cpp.o] Error 1
[3.555s] make[1]: *** [CMakeFiles/Makefile2:80: CMakeFiles/lambda_force.dir/all] Error 2
[3.555s] make: *** [Makefile:141: all] Error 2
[3.559s] Invoked command in '/home/agalvan-admin/ros2_ws/build/lambda_tm' returned '2': CMAKE_PREFIX_PATH=${CMAKE_PREFIX_PATH}:/opt/ros/galactic /usr/bin/cmake --build /home/agalvan-admin/ros2_ws/build/lambda_tm -- -j8 -l8
