[8.790s] DEBUG:colcon:Command line arguments: ['/usr/bin/colcon', 'build']
[8.790s] DEBUG:colcon:Parsed command line arguments: Namespace(allow_overriding=[], ament_cmake_args=None, base_paths=['.'], build_base='build', catkin_cmake_args=None, catkin_skip_building_tests=False, cmake_args=None, cmake_clean_cache=False, cmake_clean_first=False, cmake_force_configure=False, cmake_target=None, cmake_target_skip_unavailable=False, continue_on_error=False, event_handlers=None, executor='parallel', ignore_user_meta=False, install_base='install', log_base=None, log_level=None, main=<bound method BuildVerb.main of <colcon_core.verb.build.BuildVerb object at 0x7f3aeadf58b0>>, merge_install=False, metas=['./colcon.meta'], packages_above=None, packages_above_and_dependencies=None, packages_above_depth=None, packages_end=None, packages_ignore=None, packages_ignore_regex=None, packages_select=None, packages_select_build_failed=False, packages_select_by_dep=None, packages_select_regex=None, packages_select_test_failures=False, packages_skip=None, packages_skip_build_finished=False, packages_skip_by_dep=None, packages_skip_regex=None, packages_skip_test_passed=False, packages_skip_up_to=None, packages_start=None, packages_up_to=None, packages_up_to_regex=None, parallel_workers=8, paths=None, symlink_install=False, test_result_base=None, verb_extension=<colcon_core.verb.build.BuildVerb object at 0x7f3aeadf58b0>, verb_name='build', verb_parser=<colcon_defaults.argument_parser.defaults.DefaultArgumentsDecorator object at 0x7f3aeaa9a5e0>)
[9.124s] Level 1:colcon.colcon_core.package_discovery:discover_packages(colcon_meta) check parameters
[9.124s] Level 1:colcon.colcon_core.package_discovery:discover_packages(recursive) check parameters
[9.124s] Level 1:colcon.colcon_core.package_discovery:discover_packages(ignore) check parameters
[9.124s] Level 1:colcon.colcon_core.package_discovery:discover_packages(path) check parameters
[9.124s] Level 1:colcon.colcon_core.package_discovery:discover_packages(colcon_meta) discover
[9.124s] Level 1:colcon.colcon_core.package_discovery:discover_packages(recursive) discover
[9.124s] INFO:colcon.colcon_core.package_discovery:Crawling recursively for packages in '/home/agalvan-admin/ros2_ws'
[9.124s] Level 1:colcon.colcon_core.package_identification:_identify(.) by extensions ['ignore', 'ignore_ament_install']
[9.124s] Level 1:colcon.colcon_core.package_identification:_identify(.) by extension 'ignore'
[9.124s] Level 1:colcon.colcon_core.package_identification:_identify(.) by extension 'ignore_ament_install'
[9.124s] Level 1:colcon.colcon_core.package_identification:_identify(.) by extensions ['colcon_pkg']
[9.124s] Level 1:colcon.colcon_core.package_identification:_identify(.) by extension 'colcon_pkg'
[9.124s] Level 1:colcon.colcon_core.package_identification:_identify(.) by extensions ['colcon_meta']
[9.124s] Level 1:colcon.colcon_core.package_identification:_identify(.) by extension 'colcon_meta'
[9.125s] Level 1:colcon.colcon_core.package_identification:_identify(.) by extensions ['ros']
[9.125s] Level 1:colcon.colcon_core.package_identification:_identify(.) by extension 'ros'
[9.134s] Level 1:colcon.colcon_core.package_identification:_identify(.) by extensions ['cmake', 'python']
[9.134s] Level 1:colcon.colcon_core.package_identification:_identify(.) by extension 'cmake'
[9.134s] Level 1:colcon.colcon_core.package_identification:_identify(.) by extension 'python'
[9.134s] Level 1:colcon.colcon_core.package_identification:_identify(.) by extensions ['python_setup_py']
[9.134s] Level 1:colcon.colcon_core.package_identification:_identify(.) by extension 'python_setup_py'
[9.134s] Level 1:colcon.colcon_core.package_identification:_identify(build) by extensions ['ignore', 'ignore_ament_install']
[9.134s] Level 1:colcon.colcon_core.package_identification:_identify(build) by extension 'ignore'
[9.134s] Level 1:colcon.colcon_core.package_identification:_identify(build) ignored
[9.135s] Level 1:colcon.colcon_core.package_identification:_identify(install) by extensions ['ignore', 'ignore_ament_install']
[9.135s] Level 1:colcon.colcon_core.package_identification:_identify(install) by extension 'ignore'
[9.135s] Level 1:colcon.colcon_core.package_identification:_identify(install) ignored
[9.135s] Level 1:colcon.colcon_core.package_identification:_identify(log) by extensions ['ignore', 'ignore_ament_install']
[9.135s] Level 1:colcon.colcon_core.package_identification:_identify(log) by extension 'ignore'
[9.135s] Level 1:colcon.colcon_core.package_identification:_identify(log) ignored
[9.135s] Level 1:colcon.colcon_core.package_identification:_identify(src) by extensions ['ignore', 'ignore_ament_install']
[9.135s] Level 1:colcon.colcon_core.package_identification:_identify(src) by extension 'ignore'
[9.135s] Level 1:colcon.colcon_core.package_identification:_identify(src) by extension 'ignore_ament_install'
[9.135s] Level 1:colcon.colcon_core.package_identification:_identify(src) by extensions ['colcon_pkg']
[9.135s] Level 1:colcon.colcon_core.package_identification:_identify(src) by extension 'colcon_pkg'
[9.135s] Level 1:colcon.colcon_core.package_identification:_identify(src) by extensions ['colcon_meta']
[9.135s] Level 1:colcon.colcon_core.package_identification:_identify(src) by extension 'colcon_meta'
[9.135s] Level 1:colcon.colcon_core.package_identification:_identify(src) by extensions ['ros']
[9.135s] Level 1:colcon.colcon_core.package_identification:_identify(src) by extension 'ros'
[9.135s] Level 1:colcon.colcon_core.package_identification:_identify(src) by extensions ['cmake', 'python']
[9.135s] Level 1:colcon.colcon_core.package_identification:_identify(src) by extension 'cmake'
[9.135s] Level 1:colcon.colcon_core.package_identification:_identify(src) by extension 'python'
[9.135s] Level 1:colcon.colcon_core.package_identification:_identify(src) by extensions ['python_setup_py']
[9.135s] Level 1:colcon.colcon_core.package_identification:_identify(src) by extension 'python_setup_py'
[9.136s] Level 1:colcon.colcon_core.package_identification:_identify(src/lambda_tm) by extensions ['ignore', 'ignore_ament_install']
[9.136s] Level 1:colcon.colcon_core.package_identification:_identify(src/lambda_tm) by extension 'ignore'
[9.136s] Level 1:colcon.colcon_core.package_identification:_identify(src/lambda_tm) by extension 'ignore_ament_install'
[9.136s] Level 1:colcon.colcon_core.package_identification:_identify(src/lambda_tm) by extensions ['colcon_pkg']
[9.136s] Level 1:colcon.colcon_core.package_identification:_identify(src/lambda_tm) by extension 'colcon_pkg'
[9.136s] Level 1:colcon.colcon_core.package_identification:_identify(src/lambda_tm) by extensions ['colcon_meta']
[9.136s] Level 1:colcon.colcon_core.package_identification:_identify(src/lambda_tm) by extension 'colcon_meta'
[9.136s] Level 1:colcon.colcon_core.package_identification:_identify(src/lambda_tm) by extensions ['ros']
[9.136s] Level 1:colcon.colcon_core.package_identification:_identify(src/lambda_tm) by extension 'ros'
[9.138s] DEBUG:colcon.colcon_core.package_identification:Package 'src/lambda_tm' with type 'ros.ament_cmake' and name 'lambda_tm'
[9.138s] Level 1:colcon.colcon_core.package_discovery:discover_packages(recursive) using defaults
[9.138s] Level 1:colcon.colcon_core.package_discovery:discover_packages(ignore) discover
[9.138s] Level 1:colcon.colcon_core.package_discovery:discover_packages(ignore) using defaults
[9.138s] Level 1:colcon.colcon_core.package_discovery:discover_packages(path) discover
[9.138s] Level 1:colcon.colcon_core.package_discovery:discover_packages(path) using defaults
[9.909s] Level 1:colcon.colcon_core.package_discovery:discover_packages(prefix_path) check parameters
[9.909s] Level 1:colcon.colcon_core.package_discovery:discover_packages(prefix_path) discover
[10.211s] DEBUG:colcon.colcon_installed_package_information.package_discovery:Found 2 installed packages in /home/agalvan-admin/ros2_ws/install
[10.381s] DEBUG:colcon.colcon_installed_package_information.package_discovery:Found 278 installed packages in /opt/ros/galactic
[10.383s] Level 1:colcon.colcon_core.package_discovery:discover_packages(prefix_path) using defaults
[10.826s] Level 5:colcon.colcon_core.verb:set package 'lambda_tm' build argument 'cmake_args' from command line to 'None'
[10.827s] Level 5:colcon.colcon_core.verb:set package 'lambda_tm' build argument 'cmake_target' from command line to 'None'
[10.827s] Level 5:colcon.colcon_core.verb:set package 'lambda_tm' build argument 'cmake_target_skip_unavailable' from command line to 'False'
[10.827s] Level 5:colcon.colcon_core.verb:set package 'lambda_tm' build argument 'cmake_clean_cache' from command line to 'False'
[10.827s] Level 5:colcon.colcon_core.verb:set package 'lambda_tm' build argument 'cmake_clean_first' from command line to 'False'
[10.827s] Level 5:colcon.colcon_core.verb:set package 'lambda_tm' build argument 'cmake_force_configure' from command line to 'False'
[10.827s] Level 5:colcon.colcon_core.verb:set package 'lambda_tm' build argument 'ament_cmake_args' from command line to 'None'
[10.827s] Level 5:colcon.colcon_core.verb:set package 'lambda_tm' build argument 'catkin_cmake_args' from command line to 'None'
[10.827s] Level 5:colcon.colcon_core.verb:set package 'lambda_tm' build argument 'catkin_skip_building_tests' from command line to 'False'
[10.827s] DEBUG:colcon.colcon_core.verb:Building package 'lambda_tm' with the following arguments: {'ament_cmake_args': None, 'build_base': '/home/agalvan-admin/ros2_ws/build/lambda_tm', 'catkin_cmake_args': None, 'catkin_skip_building_tests': False, 'cmake_args': None, 'cmake_clean_cache': False, 'cmake_clean_first': False, 'cmake_force_configure': False, 'cmake_target': None, 'cmake_target_skip_unavailable': False, 'install_base': '/home/agalvan-admin/ros2_ws/install/lambda_tm', 'merge_install': False, 'path': '/home/agalvan-admin/ros2_ws/src/lambda_tm', 'symlink_install': False, 'test_result_base': None}
[10.981s] INFO:colcon.colcon_core.executor:Executing jobs using 'parallel' executor
[11.140s] DEBUG:colcon.colcon_parallel_executor.executor.parallel:run_until_complete
[11.140s] INFO:colcon.colcon_ros.task.ament_cmake.build:Building ROS package in '/home/agalvan-admin/ros2_ws/src/lambda_tm' with build type 'ament_cmake'
[11.140s] INFO:colcon.colcon_cmake.task.cmake.build:Building CMake package in '/home/agalvan-admin/ros2_ws/src/lambda_tm'
[11.305s] INFO:colcon.colcon_core.plugin_system:Skipping extension 'colcon_core.shell.bat': Not used on non-Windows systems
[11.305s] INFO:colcon.colcon_core.shell:Skip shell extension 'powershell' for command environment: Not usable outside of PowerShell
[11.305s] DEBUG:colcon.colcon_core.shell:Skip shell extension 'dsv' for command environment
[11.788s] DEBUG:colcon.colcon_core.event_handler.log_command:Invoking command in '/home/agalvan-admin/ros2_ws/build/lambda_tm': CMAKE_PREFIX_PATH=${CMAKE_PREFIX_PATH}:/opt/ros/galactic /usr/bin/cmake --build /home/agalvan-admin/ros2_ws/build/lambda_tm -- -j8 -l8
[18.315s] DEBUG:colcon.colcon_core.event_handler.log_command:Invoked command in '/home/agalvan-admin/ros2_ws/build/lambda_tm' returned '0': CMAKE_PREFIX_PATH=${CMAKE_PREFIX_PATH}:/opt/ros/galactic /usr/bin/cmake --build /home/agalvan-admin/ros2_ws/build/lambda_tm -- -j8 -l8
[18.408s] DEBUG:colcon.colcon_core.event_handler.log_command:Invoking command in '/home/agalvan-admin/ros2_ws/build/lambda_tm': CMAKE_PREFIX_PATH=${CMAKE_PREFIX_PATH}:/opt/ros/galactic /usr/bin/cmake --install /home/agalvan-admin/ros2_ws/build/lambda_tm
[18.438s] Level 1:colcon.colcon_core.environment:create_environment_scripts_only(lambda_tm)
[18.440s] DEBUG:colcon.colcon_core.event_handler.log_command:Invoked command in '/home/agalvan-admin/ros2_ws/build/lambda_tm' returned '0': CMAKE_PREFIX_PATH=${CMAKE_PREFIX_PATH}:/opt/ros/galactic /usr/bin/cmake --install /home/agalvan-admin/ros2_ws/build/lambda_tm
[18.599s] Level 1:colcon.colcon_core.environment:checking '/home/agalvan-admin/ros2_ws/install/lambda_tm' for CMake module files
[18.599s] Level 1:colcon.colcon_core.environment:checking '/home/agalvan-admin/ros2_ws/install/lambda_tm' for CMake config files
[18.600s] Level 1:colcon.colcon_core.shell:create_environment_hook('lambda_tm', 'cmake_prefix_path')
[18.757s] INFO:colcon.colcon_core.shell:Creating environment hook '/home/agalvan-admin/ros2_ws/install/lambda_tm/share/lambda_tm/hook/cmake_prefix_path.ps1'
[18.758s] INFO:colcon.colcon_core.shell:Creating environment descriptor '/home/agalvan-admin/ros2_ws/install/lambda_tm/share/lambda_tm/hook/cmake_prefix_path.dsv'
[18.758s] INFO:colcon.colcon_core.shell:Creating environment hook '/home/agalvan-admin/ros2_ws/install/lambda_tm/share/lambda_tm/hook/cmake_prefix_path.sh'
[18.759s] Level 1:colcon.colcon_core.environment:checking '/home/agalvan-admin/ros2_ws/install/lambda_tm/lib'
[18.759s] Level 1:colcon.colcon_core.environment:checking '/home/agalvan-admin/ros2_ws/install/lambda_tm/bin'
[18.759s] Level 1:colcon.colcon_core.environment:checking '/home/agalvan-admin/ros2_ws/install/lambda_tm/lib/pkgconfig/lambda_tm.pc'
[18.759s] Level 1:colcon.colcon_core.environment:checking '/home/agalvan-admin/ros2_ws/install/lambda_tm/lib/python3.8/site-packages'
[18.760s] Level 1:colcon.colcon_core.environment:checking '/home/agalvan-admin/ros2_ws/install/lambda_tm/bin'
[18.918s] INFO:colcon.colcon_core.shell:Creating package script '/home/agalvan-admin/ros2_ws/install/lambda_tm/share/lambda_tm/package.ps1'
[18.919s] INFO:colcon.colcon_core.shell:Creating package descriptor '/home/agalvan-admin/ros2_ws/install/lambda_tm/share/lambda_tm/package.dsv'
[18.919s] INFO:colcon.colcon_core.shell:Creating package script '/home/agalvan-admin/ros2_ws/install/lambda_tm/share/lambda_tm/package.sh'
[18.920s] INFO:colcon.colcon_core.shell:Creating package script '/home/agalvan-admin/ros2_ws/install/lambda_tm/share/lambda_tm/package.bash'
[18.920s] INFO:colcon.colcon_core.shell:Creating package script '/home/agalvan-admin/ros2_ws/install/lambda_tm/share/lambda_tm/package.zsh'
[18.921s] Level 1:colcon.colcon_core.environment:create_file_with_runtime_dependencies(/home/agalvan-admin/ros2_ws/install/lambda_tm/share/colcon-core/packages/lambda_tm)
[19.189s] Level 1:colcon.colcon_core.environment:create_environment_scripts_only(lambda_tm)
[19.343s] Level 1:colcon.colcon_core.environment:checking '/home/agalvan-admin/ros2_ws/install/lambda_tm' for CMake module files
[19.344s] Level 1:colcon.colcon_core.environment:checking '/home/agalvan-admin/ros2_ws/install/lambda_tm' for CMake config files
[19.344s] Level 1:colcon.colcon_core.shell:create_environment_hook('lambda_tm', 'cmake_prefix_path')
[19.497s] INFO:colcon.colcon_core.shell:Creating environment hook '/home/agalvan-admin/ros2_ws/install/lambda_tm/share/lambda_tm/hook/cmake_prefix_path.ps1'
[19.498s] INFO:colcon.colcon_core.shell:Creating environment descriptor '/home/agalvan-admin/ros2_ws/install/lambda_tm/share/lambda_tm/hook/cmake_prefix_path.dsv'
[19.498s] INFO:colcon.colcon_core.shell:Creating environment hook '/home/agalvan-admin/ros2_ws/install/lambda_tm/share/lambda_tm/hook/cmake_prefix_path.sh'
[19.498s] Level 1:colcon.colcon_core.environment:checking '/home/agalvan-admin/ros2_ws/install/lambda_tm/lib'
[19.498s] Level 1:colcon.colcon_core.environment:checking '/home/agalvan-admin/ros2_ws/install/lambda_tm/bin'
[19.498s] Level 1:colcon.colcon_core.environment:checking '/home/agalvan-admin/ros2_ws/install/lambda_tm/lib/pkgconfig/lambda_tm.pc'
[19.499s] Level 1:colcon.colcon_core.environment:checking '/home/agalvan-admin/ros2_ws/install/lambda_tm/lib/python3.8/site-packages'
[19.499s] Level 1:colcon.colcon_core.environment:checking '/home/agalvan-admin/ros2_ws/install/lambda_tm/bin'
[19.655s] INFO:colcon.colcon_core.shell:Creating package script '/home/agalvan-admin/ros2_ws/install/lambda_tm/share/lambda_tm/package.ps1'
[19.655s] INFO:colcon.colcon_core.shell:Creating package descriptor '/home/agalvan-admin/ros2_ws/install/lambda_tm/share/lambda_tm/package.dsv'
[19.656s] INFO:colcon.colcon_core.shell:Creating package script '/home/agalvan-admin/ros2_ws/install/lambda_tm/share/lambda_tm/package.sh'
[19.656s] INFO:colcon.colcon_core.shell:Creating package script '/home/agalvan-admin/ros2_ws/install/lambda_tm/share/lambda_tm/package.bash'
[19.656s] INFO:colcon.colcon_core.shell:Creating package script '/home/agalvan-admin/ros2_ws/install/lambda_tm/share/lambda_tm/package.zsh'
[19.656s] Level 1:colcon.colcon_core.environment:create_file_with_runtime_dependencies(/home/agalvan-admin/ros2_ws/install/lambda_tm/share/colcon-core/packages/lambda_tm)
[19.657s] DEBUG:colcon.colcon_parallel_executor.executor.parallel:closing loop
[19.657s] DEBUG:colcon.colcon_parallel_executor.executor.parallel:loop closed
[19.657s] DEBUG:colcon.colcon_parallel_executor.executor.parallel:run_until_complete finished with '0'
[19.657s] DEBUG:colcon.colcon_core.event_reactor:joining thread
[19.833s] INFO:colcon.colcon_core.plugin_system:Skipping extension 'colcon_notification.desktop_notification.terminal_notifier': Not used on non-Darwin systems
[19.833s] INFO:colcon.colcon_core.plugin_system:Skipping extension 'colcon_notification.desktop_notification.win32': Not used on non-Windows systems
[19.833s] INFO:colcon.colcon_notification.desktop_notification:Sending desktop notification using 'notify2'
[19.853s] DEBUG:colcon.colcon_core.event_reactor:joined thread
[20.021s] INFO:colcon.colcon_core.shell:Creating prefix script '/home/agalvan-admin/ros2_ws/install/local_setup.ps1'
[20.022s] INFO:colcon.colcon_core.shell:Creating prefix util module '/home/agalvan-admin/ros2_ws/install/_local_setup_util_ps1.py'
[20.023s] INFO:colcon.colcon_core.shell:Creating prefix chain script '/home/agalvan-admin/ros2_ws/install/setup.ps1'
[20.178s] INFO:colcon.colcon_core.shell:Creating prefix script '/home/agalvan-admin/ros2_ws/install/local_setup.sh'
[20.179s] INFO:colcon.colcon_core.shell:Creating prefix util module '/home/agalvan-admin/ros2_ws/install/_local_setup_util_sh.py'
[20.180s] INFO:colcon.colcon_core.shell:Creating prefix chain script '/home/agalvan-admin/ros2_ws/install/setup.sh'
[20.334s] INFO:colcon.colcon_core.shell:Creating prefix script '/home/agalvan-admin/ros2_ws/install/local_setup.bash'
[20.334s] INFO:colcon.colcon_core.shell:Creating prefix chain script '/home/agalvan-admin/ros2_ws/install/setup.bash'
[20.487s] INFO:colcon.colcon_core.shell:Creating prefix script '/home/agalvan-admin/ros2_ws/install/local_setup.zsh'
[20.488s] INFO:colcon.colcon_core.shell:Creating prefix chain script '/home/agalvan-admin/ros2_ws/install/setup.zsh'
