-- The C compiler identification is GNU 9.4.0
-- The CXX compiler identification is GNU 9.4.0
-- Check for working C compiler: /usr/bin/cc
-- Check for working C compiler: /usr/bin/cc -- works
-- Detecting C compiler ABI info
-- Detecting C compiler ABI info - done
-- Detecting C compile features
-- Detecting C compile features - done
-- Check for working CXX compiler: /usr/bin/c++
-- Check for working CXX compiler: /usr/bin/c++ -- works
-- Detecting CXX compiler ABI info
-- Detecting CXX compiler ABI info - done
-- Detecting CXX compile features
-- Detecting CXX compile features - done
-- Found ament_cmake: 1.1.6 (/opt/ros/galactic/share/ament_cmake/cmake)
-- Found PythonInterp: /usr/bin/python3 (found suitable version "3.8.10", minimum required is "3") 
-- Using PYTHON_EXECUTABLE: /usr/bin/python3
-- Found rclcpp: 9.2.2 (/opt/ros/galactic/share/rclcpp/cmake)
-- Using all available rosidl_typesupport_c: rosidl_typesupport_fastrtps_c;rosidl_typesupport_introspection_c
-- Found rosidl_adapter: 2.2.3 (/opt/ros/galactic/share/rosidl_adapter/cmake)
-- Found OpenSSL: /usr/lib/x86_64-linux-gnu/libcrypto.so (found version "1.1.1f")  
-- Found FastRTPS: /opt/ros/galactic/include  
-- Using all available rosidl_typesupport_cpp: rosidl_typesupport_fastrtps_cpp;rosidl_typesupport_introspection_cpp
-- Found rmw_implementation_cmake: 3.3.1 (/opt/ros/galactic/share/rmw_implementation_cmake/cmake)
-- Found rmw_cyclonedds_cpp: 0.22.6 (/opt/ros/galactic/share/rmw_cyclonedds_cpp/cmake)
-- Using RMW implementation 'rmw_cyclonedds_cpp' as default
-- Looking for pthread.h
-- Looking for pthread.h - found
-- Performing Test CMAKE_HAVE_LIBC_PTHREAD
-- Performing Test CMAKE_HAVE_LIBC_PTHREAD - Failed
-- Looking for pthread_create in pthreads
-- Looking for pthread_create in pthreads - not found
-- Looking for pthread_create in pthread
-- Looking for pthread_create in pthread - found
-- Found Threads: TRUE  
-- Found geometry_msgs: 2.2.4 (/opt/ros/galactic/share/geometry_msgs/cmake)
-- Found example_interfaces: 0.9.2 (/opt/ros/galactic/share/example_interfaces/cmake)
-- Found rclpy: 1.9.3 (/opt/ros/galactic/share/rclpy/cmake)
-- Found ament_lint_auto: 0.10.7 (/opt/ros/galactic/share/ament_lint_auto/cmake)
-- Added test 'copyright' to check source files copyright and LICENSE
-- Added test 'cppcheck' to perform static code analysis on C / C++ code
-- Configured cppcheck include dirs: 
-- Configured cppcheck exclude dirs and/or files: 
-- Added test 'cpplint' to check C / C++ code against the Google style
-- Configured cpplint exclude dirs and/or files: 
-- Added test 'flake8' to check Python code syntax and style conventions
-- Added test 'lint_cmake' to check CMake code style
-- Added test 'pep257' to check Python code against some of the style conventions in PEP 257
-- Added test 'uncrustify' to check C / C++ code style
-- Configured uncrustify additional arguments: 
-- Added test 'xmllint' to check XML markup files
-- Configuring done
-- Generating done
-- Build files have been written to: /home/agalvan-admin/ros2_ws/build/force_dimension
[35m[1mScanning dependencies of target ament_cmake_python_copy_force_dimension[0m
[35m[1mScanning dependencies of target node[0m
[  0%] Built target ament_cmake_python_copy_force_dimension
[ 22%] [32mBuilding CXX object CMakeFiles/node.dir/src/log.cpp.o[0m
[ 22%] [32mBuilding CXX object CMakeFiles/node.dir/src/node.cpp.o[0m
[ 33%] [32mBuilding CXX object CMakeFiles/node.dir/src/parameters.cpp.o[0m
[ 44%] [32mBuilding CXX object CMakeFiles/node.dir/src/entry_point.cpp.o[0m
[ 55%] [32mBuilding CXX object CMakeFiles/node.dir/src/subscribe.cpp.o[0m
[35m[1mScanning dependencies of target ament_cmake_python_build_force_dimension_egg[0m
[ 66%] [32mBuilding CXX object CMakeFiles/node.dir/src/publish.cpp.o[0m
[ 77%] [32mBuilding CXX object CMakeFiles/node.dir/src/gravity_compensation.cpp.o[0m
running egg_info
creating force_dimension.egg-info
writing force_dimension.egg-info/PKG-INFO
writing dependency_links to force_dimension.egg-info/dependency_links.txt
writing top-level names to force_dimension.egg-info/top_level.txt
writing manifest file 'force_dimension.egg-info/SOURCES.txt'
reading manifest file 'force_dimension.egg-info/SOURCES.txt'
writing manifest file 'force_dimension.egg-info/SOURCES.txt'
[ 77%] Built target ament_cmake_python_build_force_dimension_egg
[ 88%] [32mBuilding CXX object CMakeFiles/node.dir/src/forces.cpp.o[0m
[100%] [32m[1mLinking CXX executable node[0m
[100%] Built target node
-- Install configuration: ""
-- Installing: /home/agalvan-admin/ros2_ws/install/force_dimension/lib/force_dimension/node
-- Set runtime path of "/home/agalvan-admin/ros2_ws/install/force_dimension/lib/force_dimension/node" to ""
-- Installing: /home/agalvan-admin/ros2_ws/install/force_dimension/share/force_dimension//launch
-- Installing: /home/agalvan-admin/ros2_ws/install/force_dimension/share/force_dimension//launch/record_bag.launch.py
-- Installing: /home/agalvan-admin/ros2_ws/install/force_dimension/share/force_dimension//launch/example.launch.py
-- Installing: /home/agalvan-admin/ros2_ws/install/force_dimension/share/force_dimension//launch/echo_position.launch.py
-- Installing: /home/agalvan-admin/ros2_ws/install/force_dimension/share/force_dimension/environment/pythonpath.sh
-- Installing: /home/agalvan-admin/ros2_ws/install/force_dimension/share/force_dimension/environment/pythonpath.dsv
-- Installing: /home/agalvan-admin/ros2_ws/install/force_dimension/lib/python3.8/site-packages//force_dimension.egg-info
-- Installing: /home/agalvan-admin/ros2_ws/install/force_dimension/lib/python3.8/site-packages//force_dimension.egg-info/top_level.txt
-- Installing: /home/agalvan-admin/ros2_ws/install/force_dimension/lib/python3.8/site-packages//force_dimension.egg-info/dependency_links.txt
-- Installing: /home/agalvan-admin/ros2_ws/install/force_dimension/lib/python3.8/site-packages//force_dimension.egg-info/SOURCES.txt
-- Installing: /home/agalvan-admin/ros2_ws/install/force_dimension/lib/python3.8/site-packages//force_dimension.egg-info/PKG-INFO
-- Installing: /home/agalvan-admin/ros2_ws/install/force_dimension/lib/python3.8/site-packages/force_dimension
-- Installing: /home/agalvan-admin/ros2_ws/install/force_dimension/lib/python3.8/site-packages/force_dimension/__init__.py
Listing '/home/agalvan-admin/ros2_ws/install/force_dimension/lib/python3.8/site-packages/force_dimension'...
Compiling '/home/agalvan-admin/ros2_ws/install/force_dimension/lib/python3.8/site-packages/force_dimension/__init__.py'...
-- Installing: /home/agalvan-admin/ros2_ws/install/force_dimension/lib/force_dimension/run_example
-- Installing: /home/agalvan-admin/ros2_ws/install/force_dimension/share/ament_index/resource_index/package_run_dependencies/force_dimension
-- Installing: /home/agalvan-admin/ros2_ws/install/force_dimension/share/ament_index/resource_index/parent_prefix_path/force_dimension
-- Installing: /home/agalvan-admin/ros2_ws/install/force_dimension/share/force_dimension/environment/ament_prefix_path.sh
-- Installing: /home/agalvan-admin/ros2_ws/install/force_dimension/share/force_dimension/environment/ament_prefix_path.dsv
-- Installing: /home/agalvan-admin/ros2_ws/install/force_dimension/share/force_dimension/environment/path.sh
-- Installing: /home/agalvan-admin/ros2_ws/install/force_dimension/share/force_dimension/environment/path.dsv
-- Installing: /home/agalvan-admin/ros2_ws/install/force_dimension/share/force_dimension/local_setup.bash
-- Installing: /home/agalvan-admin/ros2_ws/install/force_dimension/share/force_dimension/local_setup.sh
-- Installing: /home/agalvan-admin/ros2_ws/install/force_dimension/share/force_dimension/local_setup.zsh
-- Installing: /home/agalvan-admin/ros2_ws/install/force_dimension/share/force_dimension/local_setup.dsv
-- Installing: /home/agalvan-admin/ros2_ws/install/force_dimension/share/force_dimension/package.dsv
-- Installing: /home/agalvan-admin/ros2_ws/install/force_dimension/share/ament_index/resource_index/packages/force_dimension
-- Installing: /home/agalvan-admin/ros2_ws/install/force_dimension/share/force_dimension/cmake/force_dimensionConfig.cmake
-- Installing: /home/agalvan-admin/ros2_ws/install/force_dimension/share/force_dimension/cmake/force_dimensionConfig-version.cmake
-- Installing: /home/agalvan-admin/ros2_ws/install/force_dimension/share/force_dimension/package.xml
